#
# There is insufficient memory for the Java Runtime Environment to continue.
# Native memory allocation (malloc) failed to allocate 32744 bytes for ChunkPool::allocate
# Possible reasons:
#   The system is out of physical RAM or swap space
#   The process is running with CompressedOops enabled, and the Java Heap may be blocking the growth of the native heap
# Possible solutions:
#   Reduce memory load on the system
#   Increase physical memory or swap space
#   Check if swap backing store is full
#   Decrease Java heap size (-Xmx/-Xms)
#   Decrease number of Java threads
#   Decrease Java thread stack sizes (-Xss)
#   Set larger code cache with -XX:ReservedCodeCacheSize=
#   JVM is running with Zero Based Compressed Oops mode in which the Java heap is
#     placed in the first 32GB address space. The Java Heap base address is the
#     maximum limit for the native heap growth. Please use -XX:HeapBaseMinAddress
#     to set the Java Heap base and to place the Java Heap above 32GB virtual address.
# This output file may be truncated or incomplete.
#
#  Out of Memory Error (arena.cpp:79), pid=17052, tid=6744
#
# JRE version: OpenJDK Runtime Environment Temurin-17.0.10+7 (17.0.10+7) (build 17.0.10+7)
# Java VM: OpenJDK 64-Bit Server VM Temurin-17.0.10+7 (17.0.10+7, mixed mode, tiered, compressed oops, compressed class ptrs, g1 gc, windows-amd64)
# No core dump will be written. Minidumps are not enabled by default on client versions of Windows
#

---------------  S U M M A R Y ------------

Command Line: -Djava.library.path=C:\Users\MartyVlogs\Documents\lwjgl\nat -Dfile.encoding=UTF-8 -Dstdout.encoding=UTF-8 -Dstderr.encoding=UTF-8 -XX:+ShowCodeDetailsInExceptionMessages minezomboid.Main

Host: Intel(R) Core(TM) i7-2600K CPU @ 3.40GHz, 8 cores, 15G,  Windows 10 , 64 bit Build 19041 (10.0.19041.3636)
Time: Wed Jul 10 08:45:13 2024 Pacific Daylight Time elapsed time: 0.758994 seconds (0d 0h 0m 0s)

---------------  T H R E A D  ---------------

Current thread (0x000001ca5fdfe680):  JavaThread "main" [_thread_in_vm, id=6744, stack(0x0000005520300000,0x0000005520400000)]

Stack: [0x0000005520300000,0x0000005520400000]
Native frames: (J=compiled Java code, j=interpreted, Vv=VM code, C=native code)
V  [jvm.dll+0x67d2c9]
V  [jvm.dll+0x834afa]
V  [jvm.dll+0x8365be]
V  [jvm.dll+0x836c23]
V  [jvm.dll+0x2477ff]
V  [jvm.dll+0xac711]
V  [jvm.dll+0xacb5c]
V  [jvm.dll+0x2c263a]
V  [jvm.dll+0x2c1c0e]
V  [jvm.dll+0x1ecdf5]
V  [jvm.dll+0x1e1c1a]
V  [jvm.dll+0x5427ce]
V  [jvm.dll+0x7aed0d]
V  [jvm.dll+0x7aec6a]
V  [jvm.dll+0x410f8e]
V  [jvm.dll+0x42470c]
C  [java.dll+0x1657]

Java frames: (J=compiled Java code, j=interpreted, Vv=VM code)
j  java.lang.ClassLoader.defineClass0(Ljava/lang/ClassLoader;Ljava/lang/Class;Ljava/lang/String;[BIILjava/security/ProtectionDomain;ZILjava/lang/Object;)Ljava/lang/Class;+0 java.base@17.0.10
j  java.lang.System$2.defineClass(Ljava/lang/ClassLoader;Ljava/lang/Class;Ljava/lang/String;[BLjava/security/ProtectionDomain;ZILjava/lang/Object;)Ljava/lang/Class;+17 java.base@17.0.10
j  java.lang.invoke.MethodHandles$Lookup$ClassDefiner.defineClass(ZLjava/lang/Object;)Ljava/lang/Class;+54 java.base@17.0.10
j  java.lang.invoke.InvokerBytecodeGenerator.loadMethod([B)Ljava/lang/invoke/MemberName;+16 java.base@17.0.10
j  java.lang.invoke.InvokerBytecodeGenerator.generateCustomizedCode(Ljava/lang/invoke/LambdaForm;Ljava/lang/invoke/MethodType;)Ljava/lang/invoke/MemberName;+30 java.base@17.0.10
j  java.lang.invoke.LambdaForm.compileToBytecode()V+69 java.base@17.0.10
j  java.lang.invoke.LambdaForm.prepare()V+21 java.base@17.0.10
j  java.lang.invoke.MethodHandle.<init>(Ljava/lang/invoke/MethodType;Ljava/lang/invoke/LambdaForm;)V+33 java.base@17.0.10
j  java.lang.invoke.BoundMethodHandle.<init>(Ljava/lang/invoke/MethodType;Ljava/lang/invoke/LambdaForm;)V+3 java.base@17.0.10
j  java.lang.invoke.BoundMethodHandle$Species_LLLL.<init>(Ljava/lang/invoke/MethodType;Ljava/lang/invoke/LambdaForm;Ljava/lang/Object;Ljava/lang/Object;Ljava/lang/Object;Ljava/lang/Object;)V+3 java.base@17.0.10
j  java.lang.invoke.BoundMethodHandle$Species_LLLL.make(Ljava/lang/invoke/MethodType;Ljava/lang/invoke/LambdaForm;Ljava/lang/Object;Ljava/lang/Object;Ljava/lang/Object;Ljava/lang/Object;)Ljava/lang/invoke/BoundMethodHandle;+12 java.base@17.0.10
j  java.lang.invoke.DirectMethodHandle$Holder.invokeStatic(Ljava/lang/Object;Ljava/lang/Object;Ljava/lang/Object;Ljava/lang/Object;Ljava/lang/Object;Ljava/lang/Object;Ljava/lang/Object;)Ljava/lang/Object;+20 java.base@17.0.10
j  java.lang.invoke.BoundMethodHandle$Species_LLL.copyWithExtendL(Ljava/lang/invoke/MethodType;Ljava/lang/invoke/LambdaForm;Ljava/lang/Object;)Ljava/lang/invoke/BoundMethodHandle;+22 java.base@17.0.10
j  java.lang.invoke.MethodHandles.argumentsWithCombiner(ZLjava/lang/invoke/MethodHandle;ILjava/lang/invoke/MethodHandle;[I)Ljava/lang/invoke/MethodHandle;+122 java.base@17.0.10
j  java.lang.invoke.MethodHandles.filterArgumentsWithCombiner(Ljava/lang/invoke/MethodHandle;ILjava/lang/invoke/MethodHandle;[I)Ljava/lang/invoke/MethodHandle;+5 java.base@17.0.10
j  java.lang.invoke.StringConcatFactory.generateMHInlineCopy(Ljava/lang/invoke/MethodType;Ljava/util/List;)Ljava/lang/invoke/MethodHandle;+387 java.base@17.0.10
j  java.lang.invoke.StringConcatFactory.makeConcatWithConstants(Ljava/lang/invoke/MethodHandles$Lookup;Ljava/lang/String;Ljava/lang/invoke/MethodType;Ljava/lang/String;[Ljava/lang/Object;)Ljava/lang/invoke/CallSite;+220 java.base@17.0.10
j  java.lang.invoke.DirectMethodHandle$Holder.invokeStatic(Ljava/lang/Object;Ljava/lang/Object;Ljava/lang/Object;Ljava/lang/Object;Ljava/lang/Object;Ljava/lang/Object;)Ljava/lang/Object;+18 java.base@17.0.10
j  java.lang.invoke.DelegatingMethodHandle$Holder.delegate(Ljava/lang/Object;Ljava/lang/Object;Ljava/lang/Object;Ljava/lang/Object;Ljava/lang/Object;Ljava/lang/Object;)Ljava/lang/Object;+21 java.base@17.0.10
j  java.lang.invoke.Invokers$Holder.invokeExact_MT(Ljava/lang/Object;Ljava/lang/Object;Ljava/lang/Object;Ljava/lang/Object;Ljava/lang/Object;Ljava/lang/Object;Ljava/lang/Object;)Ljava/lang/Object;+26 java.base@17.0.10
j  java.lang.invoke.BootstrapMethodInvoker.invoke(Ljava/lang/Class;Ljava/lang/invoke/MethodHandle;Ljava/lang/String;Ljava/lang/Object;Ljava/lang/Object;Ljava/lang/Class;)Ljava/lang/Object;+157 java.base@17.0.10
j  java.lang.invoke.CallSite.makeSite(Ljava/lang/invoke/MethodHandle;Ljava/lang/String;Ljava/lang/invoke/MethodType;Ljava/lang/Object;Ljava/lang/Class;)Ljava/lang/invoke/CallSite;+8 java.base@17.0.10
j  java.lang.invoke.MethodHandleNatives.linkCallSiteImpl(Ljava/lang/Class;Ljava/lang/invoke/MethodHandle;Ljava/lang/String;Ljava/lang/invoke/MethodType;Ljava/lang/Object;[Ljava/lang/Object;)Ljava/lang/invoke/MemberName;+6 java.base@17.0.10
j  java.lang.invoke.MethodHandleNatives.linkCallSite(Ljava/lang/Object;ILjava/lang/Object;Ljava/lang/Object;Ljava/lang/Object;Ljava/lang/Object;[Ljava/lang/Object;)Ljava/lang/invoke/MemberName;+46 java.base@17.0.10
v  ~StubRoutines::call_stub
j  java.awt.Toolkit$1.run()Ljava/lang/String;+74 java.desktop@17.0.10
j  java.awt.Toolkit$1.run()Ljava/lang/Object;+1 java.desktop@17.0.10
j  java.security.AccessController.executePrivileged(Ljava/security/PrivilegedAction;Ljava/security/AccessControlContext;Ljava/lang/Class;)Ljava/lang/Object;+29 java.base@17.0.10
j  java.security.AccessController.doPrivileged(Ljava/security/PrivilegedAction;)Ljava/lang/Object;+5 java.base@17.0.10
j  java.awt.Toolkit.initAssistiveTechnologies()V+21 java.desktop@17.0.10
j  java.awt.Toolkit.initStatic()V+24 java.desktop@17.0.10
j  java.awt.Toolkit.<clinit>()V+20 java.desktop@17.0.10
v  ~StubRoutines::call_stub
j  sun.awt.AppContext$2.run()Ljava/lang/Void;+27 java.desktop@17.0.10
j  sun.awt.AppContext$2.run()Ljava/lang/Object;+1 java.desktop@17.0.10
j  java.security.AccessController.executePrivileged(Ljava/security/PrivilegedAction;Ljava/security/AccessControlContext;Ljava/lang/Class;)Ljava/lang/Object;+29 java.base@17.0.10
j  java.security.AccessController.doPrivileged(Ljava/security/PrivilegedAction;)Ljava/lang/Object;+5 java.base@17.0.10
j  sun.awt.AppContext.initMainAppContext()V+7 java.desktop@17.0.10
j  sun.awt.AppContext$3.run()Lsun/awt/AppContext;+40 java.desktop@17.0.10
j  sun.awt.AppContext$3.run()Ljava/lang/Object;+1 java.desktop@17.0.10
j  java.security.AccessController.executePrivileged(Ljava/security/PrivilegedAction;Ljava/security/AccessControlContext;Ljava/lang/Class;)Ljava/lang/Object;+29 java.base@17.0.10
j  java.security.AccessController.doPrivileged(Ljava/security/PrivilegedAction;)Ljava/lang/Object;+5 java.base@17.0.10
j  sun.awt.AppContext.getAppContext()Lsun/awt/AppContext;+42 java.desktop@17.0.10
j  javax.imageio.spi.IIORegistry.getDefaultInstance()Ljavax/imageio/spi/IIORegistry;+0 java.desktop@17.0.10
j  javax.imageio.ImageIO.<clinit>()V+0 java.desktop@17.0.10
v  ~StubRoutines::call_stub
j  minezomboid.Main.loadTextures()V+14
j  minezomboid.Main.start()V+36
j  minezomboid.Main.main([Ljava/lang/String;)V+9
v  ~StubRoutines::call_stub

---------------  P R O C E S S  ---------------

Threads class SMR info:
_java_thread_list=0x000001ca7ebc86d0, length=12, elements={
0x000001ca5fdfe680, 0x000001ca7e9f56e0, 0x000001ca7e9f6470, 0x000001ca7ea15040,
0x000001ca7ea15a10, 0x000001ca7ea183e0, 0x000001ca7ea1b560, 0x000001ca7ea5b470,
0x000001ca7ea5be30, 0x000001ca7ea5e840, 0x000001ca7ebcaea0, 0x000001ca7ebd83d0
}

Java Threads: ( => current thread )
=>0x000001ca5fdfe680 JavaThread "main" [_thread_in_vm, id=6744, stack(0x0000005520300000,0x0000005520400000)]
  0x000001ca7e9f56e0 JavaThread "Reference Handler" daemon [_thread_blocked, id=680, stack(0x0000005520a00000,0x0000005520b00000)]
  0x000001ca7e9f6470 JavaThread "Finalizer" daemon [_thread_blocked, id=5956, stack(0x0000005520b00000,0x0000005520c00000)]
  0x000001ca7ea15040 JavaThread "Signal Dispatcher" daemon [_thread_blocked, id=10048, stack(0x0000005520c00000,0x0000005520d00000)]
  0x000001ca7ea15a10 JavaThread "Attach Listener" daemon [_thread_blocked, id=13044, stack(0x0000005520d00000,0x0000005520e00000)]
  0x000001ca7ea183e0 JavaThread "Service Thread" daemon [_thread_blocked, id=7764, stack(0x0000005520e00000,0x0000005520f00000)]
  0x000001ca7ea1b560 JavaThread "Monitor Deflation Thread" daemon [_thread_blocked, id=1140, stack(0x0000005520f00000,0x0000005521000000)]
  0x000001ca7ea5b470 JavaThread "C2 CompilerThread0" daemon [_thread_blocked, id=4160, stack(0x0000005521000000,0x0000005521100000)]
  0x000001ca7ea5be30 JavaThread "C1 CompilerThread0" daemon [_thread_blocked, id=13768, stack(0x0000005521100000,0x0000005521200000)]
  0x000001ca7ea5e840 JavaThread "Sweeper thread" daemon [_thread_blocked, id=14632, stack(0x0000005521200000,0x0000005521300000)]
  0x000001ca7ebcaea0 JavaThread "Notification Thread" daemon [_thread_blocked, id=7712, stack(0x0000005521300000,0x0000005521400000)]
  0x000001ca7ebd83d0 JavaThread "Common-Cleaner" daemon [_thread_blocked, id=9736, stack(0x0000005521500000,0x0000005521600000)]

Other Threads:
  0x000001ca7e9be940 VMThread "VM Thread" [stack: 0x0000005520900000,0x0000005520a00000] [id=16016]
  0x000001ca7eb38830 WatcherThread [stack: 0x0000005521400000,0x0000005521500000] [id=12988]
  0x000001ca5fe6a790 GCTaskThread "GC Thread#0" [stack: 0x0000005520400000,0x0000005520500000] [id=6344]
  0x000001ca5fe7cdb0 ConcurrentGCThread "G1 Main Marker" [stack: 0x0000005520500000,0x0000005520600000] [id=3164]
  0x000001ca5fe7d7d0 ConcurrentGCThread "G1 Conc#0" [stack: 0x0000005520600000,0x0000005520700000] [id=16732]
  0x000001ca5febdde0 ConcurrentGCThread "G1 Refine#0" [stack: 0x0000005520700000,0x0000005520800000] [id=840]
  0x000001ca5febe810 ConcurrentGCThread "G1 Service" [stack: 0x0000005520800000,0x0000005520900000] [id=9944]

Threads with active compile tasks:

VM state: not at safepoint (normal execution)

VM Mutex/Monitor currently owned by a thread: None

Heap address: 0x0000000701a00000, size: 4070 MB, Compressed Oops mode: Zero based, Oop shift amount: 3

CDS archive(s) not mapped
Compressed class space mapped at: 0x0000000800000000-0x0000000840000000, reserved size: 1073741824
Narrow klass base: 0x0000000800000000, Narrow klass shift: 0, Narrow klass range: 0x40000000

GC Precious Log:
 CPUs: 8 total, 8 available
 Memory: 16277M
 Large Page Support: Disabled
 NUMA Support: Disabled
 Compressed Oops: Enabled (Zero based)
 Heap Region Size: 2M
 Heap Min Capacity: 8M
 Heap Initial Capacity: 256M
 Heap Max Capacity: 4070M
 Pre-touch: Disabled
 Parallel Workers: 8
 Concurrent Workers: 2
 Concurrent Refinement Workers: 8
 Periodic GC: Disabled

Heap:
 garbage-first heap   total 262144K, used 4096K [0x0000000701a00000, 0x0000000800000000)
  region size 2048K, 3 young (6144K), 0 survivors (0K)
 Metaspace       used 8468K, committed 8640K, reserved 1114112K
  class space    used 664K, committed 768K, reserved 1048576K

Heap Regions: E=young(eden), S=young(survivor), O=old, HS=humongous(starts), HC=humongous(continues), CS=collection set, F=free, OA=open archive, CA=closed archive, TAMS=top-at-mark-start (previous, next)
|   0|0x0000000701a00000, 0x0000000701a00000, 0x0000000701c00000|  0%| F|  |TAMS 0x0000000701a00000, 0x0000000701a00000| Untracked 
|   1|0x0000000701c00000, 0x0000000701c00000, 0x0000000701e00000|  0%| F|  |TAMS 0x0000000701c00000, 0x0000000701c00000| Untracked 
|   2|0x0000000701e00000, 0x0000000701e00000, 0x0000000702000000|  0%| F|  |TAMS 0x0000000701e00000, 0x0000000701e00000| Untracked 
|   3|0x0000000702000000, 0x0000000702000000, 0x0000000702200000|  0%| F|  |TAMS 0x0000000702000000, 0x0000000702000000| Untracked 
|   4|0x0000000702200000, 0x0000000702200000, 0x0000000702400000|  0%| F|  |TAMS 0x0000000702200000, 0x0000000702200000| Untracked 
|   5|0x0000000702400000, 0x0000000702400000, 0x0000000702600000|  0%| F|  |TAMS 0x0000000702400000, 0x0000000702400000| Untracked 
|   6|0x0000000702600000, 0x0000000702600000, 0x0000000702800000|  0%| F|  |TAMS 0x0000000702600000, 0x0000000702600000| Untracked 
|   7|0x0000000702800000, 0x0000000702800000, 0x0000000702a00000|  0%| F|  |TAMS 0x0000000702800000, 0x0000000702800000| Untracked 
|   8|0x0000000702a00000, 0x0000000702a00000, 0x0000000702c00000|  0%| F|  |TAMS 0x0000000702a00000, 0x0000000702a00000| Untracked 
|   9|0x0000000702c00000, 0x0000000702c00000, 0x0000000702e00000|  0%| F|  |TAMS 0x0000000702c00000, 0x0000000702c00000| Untracked 
|  10|0x0000000702e00000, 0x0000000702e00000, 0x0000000703000000|  0%| F|  |TAMS 0x0000000702e00000, 0x0000000702e00000| Untracked 
|  11|0x0000000703000000, 0x0000000703000000, 0x0000000703200000|  0%| F|  |TAMS 0x0000000703000000, 0x0000000703000000| Untracked 
|  12|0x0000000703200000, 0x0000000703200000, 0x0000000703400000|  0%| F|  |TAMS 0x0000000703200000, 0x0000000703200000| Untracked 
|  13|0x0000000703400000, 0x0000000703400000, 0x0000000703600000|  0%| F|  |TAMS 0x0000000703400000, 0x0000000703400000| Untracked 
|  14|0x0000000703600000, 0x0000000703600000, 0x0000000703800000|  0%| F|  |TAMS 0x0000000703600000, 0x0000000703600000| Untracked 
|  15|0x0000000703800000, 0x0000000703800000, 0x0000000703a00000|  0%| F|  |TAMS 0x0000000703800000, 0x0000000703800000| Untracked 
|  16|0x0000000703a00000, 0x0000000703a00000, 0x0000000703c00000|  0%| F|  |TAMS 0x0000000703a00000, 0x0000000703a00000| Untracked 
|  17|0x0000000703c00000, 0x0000000703c00000, 0x0000000703e00000|  0%| F|  |TAMS 0x0000000703c00000, 0x0000000703c00000| Untracked 
|  18|0x0000000703e00000, 0x0000000703e00000, 0x0000000704000000|  0%| F|  |TAMS 0x0000000703e00000, 0x0000000703e00000| Untracked 
|  19|0x0000000704000000, 0x0000000704000000, 0x0000000704200000|  0%| F|  |TAMS 0x0000000704000000, 0x0000000704000000| Untracked 
|  20|0x0000000704200000, 0x0000000704200000, 0x0000000704400000|  0%| F|  |TAMS 0x0000000704200000, 0x0000000704200000| Untracked 
|  21|0x0000000704400000, 0x0000000704400000, 0x0000000704600000|  0%| F|  |TAMS 0x0000000704400000, 0x0000000704400000| Untracked 
|  22|0x0000000704600000, 0x0000000704600000, 0x0000000704800000|  0%| F|  |TAMS 0x0000000704600000, 0x0000000704600000| Untracked 
|  23|0x0000000704800000, 0x0000000704800000, 0x0000000704a00000|  0%| F|  |TAMS 0x0000000704800000, 0x0000000704800000| Untracked 
|  24|0x0000000704a00000, 0x0000000704a00000, 0x0000000704c00000|  0%| F|  |TAMS 0x0000000704a00000, 0x0000000704a00000| Untracked 
|  25|0x0000000704c00000, 0x0000000704c00000, 0x0000000704e00000|  0%| F|  |TAMS 0x0000000704c00000, 0x0000000704c00000| Untracked 
|  26|0x0000000704e00000, 0x0000000704e00000, 0x0000000705000000|  0%| F|  |TAMS 0x0000000704e00000, 0x0000000704e00000| Untracked 
|  27|0x0000000705000000, 0x0000000705000000, 0x0000000705200000|  0%| F|  |TAMS 0x0000000705000000, 0x0000000705000000| Untracked 
|  28|0x0000000705200000, 0x0000000705200000, 0x0000000705400000|  0%| F|  |TAMS 0x0000000705200000, 0x0000000705200000| Untracked 
|  29|0x0000000705400000, 0x0000000705400000, 0x0000000705600000|  0%| F|  |TAMS 0x0000000705400000, 0x0000000705400000| Untracked 
|  30|0x0000000705600000, 0x0000000705600000, 0x0000000705800000|  0%| F|  |TAMS 0x0000000705600000, 0x0000000705600000| Untracked 
|  31|0x0000000705800000, 0x0000000705800000, 0x0000000705a00000|  0%| F|  |TAMS 0x0000000705800000, 0x0000000705800000| Untracked 
|  32|0x0000000705a00000, 0x0000000705a00000, 0x0000000705c00000|  0%| F|  |TAMS 0x0000000705a00000, 0x0000000705a00000| Untracked 
|  33|0x0000000705c00000, 0x0000000705c00000, 0x0000000705e00000|  0%| F|  |TAMS 0x0000000705c00000, 0x0000000705c00000| Untracked 
|  34|0x0000000705e00000, 0x0000000705e00000, 0x0000000706000000|  0%| F|  |TAMS 0x0000000705e00000, 0x0000000705e00000| Untracked 
|  35|0x0000000706000000, 0x0000000706000000, 0x0000000706200000|  0%| F|  |TAMS 0x0000000706000000, 0x0000000706000000| Untracked 
|  36|0x0000000706200000, 0x0000000706200000, 0x0000000706400000|  0%| F|  |TAMS 0x0000000706200000, 0x0000000706200000| Untracked 
|  37|0x0000000706400000, 0x0000000706400000, 0x0000000706600000|  0%| F|  |TAMS 0x0000000706400000, 0x0000000706400000| Untracked 
|  38|0x0000000706600000, 0x0000000706600000, 0x0000000706800000|  0%| F|  |TAMS 0x0000000706600000, 0x0000000706600000| Untracked 
|  39|0x0000000706800000, 0x0000000706800000, 0x0000000706a00000|  0%| F|  |TAMS 0x0000000706800000, 0x0000000706800000| Untracked 
|  40|0x0000000706a00000, 0x0000000706a00000, 0x0000000706c00000|  0%| F|  |TAMS 0x0000000706a00000, 0x0000000706a00000| Untracked 
|  41|0x0000000706c00000, 0x0000000706c00000, 0x0000000706e00000|  0%| F|  |TAMS 0x0000000706c00000, 0x0000000706c00000| Untracked 
|  42|0x0000000706e00000, 0x0000000706e00000, 0x0000000707000000|  0%| F|  |TAMS 0x0000000706e00000, 0x0000000706e00000| Untracked 
|  43|0x0000000707000000, 0x0000000707000000, 0x0000000707200000|  0%| F|  |TAMS 0x0000000707000000, 0x0000000707000000| Untracked 
|  44|0x0000000707200000, 0x0000000707200000, 0x0000000707400000|  0%| F|  |TAMS 0x0000000707200000, 0x0000000707200000| Untracked 
|  45|0x0000000707400000, 0x0000000707400000, 0x0000000707600000|  0%| F|  |TAMS 0x0000000707400000, 0x0000000707400000| Untracked 
|  46|0x0000000707600000, 0x0000000707600000, 0x0000000707800000|  0%| F|  |TAMS 0x0000000707600000, 0x0000000707600000| Untracked 
|  47|0x0000000707800000, 0x0000000707800000, 0x0000000707a00000|  0%| F|  |TAMS 0x0000000707800000, 0x0000000707800000| Untracked 
|  48|0x0000000707a00000, 0x0000000707a00000, 0x0000000707c00000|  0%| F|  |TAMS 0x0000000707a00000, 0x0000000707a00000| Untracked 
|  49|0x0000000707c00000, 0x0000000707c00000, 0x0000000707e00000|  0%| F|  |TAMS 0x0000000707c00000, 0x0000000707c00000| Untracked 
|  50|0x0000000707e00000, 0x0000000707e00000, 0x0000000708000000|  0%| F|  |TAMS 0x0000000707e00000, 0x0000000707e00000| Untracked 
|  51|0x0000000708000000, 0x0000000708000000, 0x0000000708200000|  0%| F|  |TAMS 0x0000000708000000, 0x0000000708000000| Untracked 
|  52|0x0000000708200000, 0x0000000708200000, 0x0000000708400000|  0%| F|  |TAMS 0x0000000708200000, 0x0000000708200000| Untracked 
|  53|0x0000000708400000, 0x0000000708400000, 0x0000000708600000|  0%| F|  |TAMS 0x0000000708400000, 0x0000000708400000| Untracked 
|  54|0x0000000708600000, 0x0000000708600000, 0x0000000708800000|  0%| F|  |TAMS 0x0000000708600000, 0x0000000708600000| Untracked 
|  55|0x0000000708800000, 0x0000000708800000, 0x0000000708a00000|  0%| F|  |TAMS 0x0000000708800000, 0x0000000708800000| Untracked 
|  56|0x0000000708a00000, 0x0000000708a00000, 0x0000000708c00000|  0%| F|  |TAMS 0x0000000708a00000, 0x0000000708a00000| Untracked 
|  57|0x0000000708c00000, 0x0000000708c00000, 0x0000000708e00000|  0%| F|  |TAMS 0x0000000708c00000, 0x0000000708c00000| Untracked 
|  58|0x0000000708e00000, 0x0000000708e00000, 0x0000000709000000|  0%| F|  |TAMS 0x0000000708e00000, 0x0000000708e00000| Untracked 
|  59|0x0000000709000000, 0x0000000709000000, 0x0000000709200000|  0%| F|  |TAMS 0x0000000709000000, 0x0000000709000000| Untracked 
|  60|0x0000000709200000, 0x0000000709200000, 0x0000000709400000|  0%| F|  |TAMS 0x0000000709200000, 0x0000000709200000| Untracked 
|  61|0x0000000709400000, 0x0000000709400000, 0x0000000709600000|  0%| F|  |TAMS 0x0000000709400000, 0x0000000709400000| Untracked 
|  62|0x0000000709600000, 0x0000000709600000, 0x0000000709800000|  0%| F|  |TAMS 0x0000000709600000, 0x0000000709600000| Untracked 
|  63|0x0000000709800000, 0x0000000709800000, 0x0000000709a00000|  0%| F|  |TAMS 0x0000000709800000, 0x0000000709800000| Untracked 
|  64|0x0000000709a00000, 0x0000000709a00000, 0x0000000709c00000|  0%| F|  |TAMS 0x0000000709a00000, 0x0000000709a00000| Untracked 
|  65|0x0000000709c00000, 0x0000000709c00000, 0x0000000709e00000|  0%| F|  |TAMS 0x0000000709c00000, 0x0000000709c00000| Untracked 
|  66|0x0000000709e00000, 0x0000000709e00000, 0x000000070a000000|  0%| F|  |TAMS 0x0000000709e00000, 0x0000000709e00000| Untracked 
|  67|0x000000070a000000, 0x000000070a000000, 0x000000070a200000|  0%| F|  |TAMS 0x000000070a000000, 0x000000070a000000| Untracked 
|  68|0x000000070a200000, 0x000000070a200000, 0x000000070a400000|  0%| F|  |TAMS 0x000000070a200000, 0x000000070a200000| Untracked 
|  69|0x000000070a400000, 0x000000070a400000, 0x000000070a600000|  0%| F|  |TAMS 0x000000070a400000, 0x000000070a400000| Untracked 
|  70|0x000000070a600000, 0x000000070a600000, 0x000000070a800000|  0%| F|  |TAMS 0x000000070a600000, 0x000000070a600000| Untracked 
|  71|0x000000070a800000, 0x000000070a800000, 0x000000070aa00000|  0%| F|  |TAMS 0x000000070a800000, 0x000000070a800000| Untracked 
|  72|0x000000070aa00000, 0x000000070aa00000, 0x000000070ac00000|  0%| F|  |TAMS 0x000000070aa00000, 0x000000070aa00000| Untracked 
|  73|0x000000070ac00000, 0x000000070ac00000, 0x000000070ae00000|  0%| F|  |TAMS 0x000000070ac00000, 0x000000070ac00000| Untracked 
|  74|0x000000070ae00000, 0x000000070ae00000, 0x000000070b000000|  0%| F|  |TAMS 0x000000070ae00000, 0x000000070ae00000| Untracked 
|  75|0x000000070b000000, 0x000000070b000000, 0x000000070b200000|  0%| F|  |TAMS 0x000000070b000000, 0x000000070b000000| Untracked 
|  76|0x000000070b200000, 0x000000070b200000, 0x000000070b400000|  0%| F|  |TAMS 0x000000070b200000, 0x000000070b200000| Untracked 
|  77|0x000000070b400000, 0x000000070b400000, 0x000000070b600000|  0%| F|  |TAMS 0x000000070b400000, 0x000000070b400000| Untracked 
|  78|0x000000070b600000, 0x000000070b600000, 0x000000070b800000|  0%| F|  |TAMS 0x000000070b600000, 0x000000070b600000| Untracked 
|  79|0x000000070b800000, 0x000000070b800000, 0x000000070ba00000|  0%| F|  |TAMS 0x000000070b800000, 0x000000070b800000| Untracked 
|  80|0x000000070ba00000, 0x000000070ba00000, 0x000000070bc00000|  0%| F|  |TAMS 0x000000070ba00000, 0x000000070ba00000| Untracked 
|  81|0x000000070bc00000, 0x000000070bc00000, 0x000000070be00000|  0%| F|  |TAMS 0x000000070bc00000, 0x000000070bc00000| Untracked 
|  82|0x000000070be00000, 0x000000070be00000, 0x000000070c000000|  0%| F|  |TAMS 0x000000070be00000, 0x000000070be00000| Untracked 
|  83|0x000000070c000000, 0x000000070c000000, 0x000000070c200000|  0%| F|  |TAMS 0x000000070c000000, 0x000000070c000000| Untracked 
|  84|0x000000070c200000, 0x000000070c200000, 0x000000070c400000|  0%| F|  |TAMS 0x000000070c200000, 0x000000070c200000| Untracked 
|  85|0x000000070c400000, 0x000000070c400000, 0x000000070c600000|  0%| F|  |TAMS 0x000000070c400000, 0x000000070c400000| Untracked 
|  86|0x000000070c600000, 0x000000070c600000, 0x000000070c800000|  0%| F|  |TAMS 0x000000070c600000, 0x000000070c600000| Untracked 
|  87|0x000000070c800000, 0x000000070c800000, 0x000000070ca00000|  0%| F|  |TAMS 0x000000070c800000, 0x000000070c800000| Untracked 
|  88|0x000000070ca00000, 0x000000070ca00000, 0x000000070cc00000|  0%| F|  |TAMS 0x000000070ca00000, 0x000000070ca00000| Untracked 
|  89|0x000000070cc00000, 0x000000070cc00000, 0x000000070ce00000|  0%| F|  |TAMS 0x000000070cc00000, 0x000000070cc00000| Untracked 
|  90|0x000000070ce00000, 0x000000070ce00000, 0x000000070d000000|  0%| F|  |TAMS 0x000000070ce00000, 0x000000070ce00000| Untracked 
|  91|0x000000070d000000, 0x000000070d000000, 0x000000070d200000|  0%| F|  |TAMS 0x000000070d000000, 0x000000070d000000| Untracked 
|  92|0x000000070d200000, 0x000000070d200000, 0x000000070d400000|  0%| F|  |TAMS 0x000000070d200000, 0x000000070d200000| Untracked 
|  93|0x000000070d400000, 0x000000070d400000, 0x000000070d600000|  0%| F|  |TAMS 0x000000070d400000, 0x000000070d400000| Untracked 
|  94|0x000000070d600000, 0x000000070d600000, 0x000000070d800000|  0%| F|  |TAMS 0x000000070d600000, 0x000000070d600000| Untracked 
|  95|0x000000070d800000, 0x000000070d800000, 0x000000070da00000|  0%| F|  |TAMS 0x000000070d800000, 0x000000070d800000| Untracked 
|  96|0x000000070da00000, 0x000000070da00000, 0x000000070dc00000|  0%| F|  |TAMS 0x000000070da00000, 0x000000070da00000| Untracked 
|  97|0x000000070dc00000, 0x000000070dc00000, 0x000000070de00000|  0%| F|  |TAMS 0x000000070dc00000, 0x000000070dc00000| Untracked 
|  98|0x000000070de00000, 0x000000070de00000, 0x000000070e000000|  0%| F|  |TAMS 0x000000070de00000, 0x000000070de00000| Untracked 
|  99|0x000000070e000000, 0x000000070e000000, 0x000000070e200000|  0%| F|  |TAMS 0x000000070e000000, 0x000000070e000000| Untracked 
| 100|0x000000070e200000, 0x000000070e200000, 0x000000070e400000|  0%| F|  |TAMS 0x000000070e200000, 0x000000070e200000| Untracked 
| 101|0x000000070e400000, 0x000000070e400000, 0x000000070e600000|  0%| F|  |TAMS 0x000000070e400000, 0x000000070e400000| Untracked 
| 102|0x000000070e600000, 0x000000070e600000, 0x000000070e800000|  0%| F|  |TAMS 0x000000070e600000, 0x000000070e600000| Untracked 
| 103|0x000000070e800000, 0x000000070e800000, 0x000000070ea00000|  0%| F|  |TAMS 0x000000070e800000, 0x000000070e800000| Untracked 
| 104|0x000000070ea00000, 0x000000070ea00000, 0x000000070ec00000|  0%| F|  |TAMS 0x000000070ea00000, 0x000000070ea00000| Untracked 
| 105|0x000000070ec00000, 0x000000070ec00000, 0x000000070ee00000|  0%| F|  |TAMS 0x000000070ec00000, 0x000000070ec00000| Untracked 
| 106|0x000000070ee00000, 0x000000070ee00000, 0x000000070f000000|  0%| F|  |TAMS 0x000000070ee00000, 0x000000070ee00000| Untracked 
| 107|0x000000070f000000, 0x000000070f000000, 0x000000070f200000|  0%| F|  |TAMS 0x000000070f000000, 0x000000070f000000| Untracked 
| 108|0x000000070f200000, 0x000000070f200000, 0x000000070f400000|  0%| F|  |TAMS 0x000000070f200000, 0x000000070f200000| Untracked 
| 109|0x000000070f400000, 0x000000070f400000, 0x000000070f600000|  0%| F|  |TAMS 0x000000070f400000, 0x000000070f400000| Untracked 
| 110|0x000000070f600000, 0x000000070f600000, 0x000000070f800000|  0%| F|  |TAMS 0x000000070f600000, 0x000000070f600000| Untracked 
| 111|0x000000070f800000, 0x000000070f800000, 0x000000070fa00000|  0%| F|  |TAMS 0x000000070f800000, 0x000000070f800000| Untracked 
| 112|0x000000070fa00000, 0x000000070fa00000, 0x000000070fc00000|  0%| F|  |TAMS 0x000000070fa00000, 0x000000070fa00000| Untracked 
| 113|0x000000070fc00000, 0x000000070fc00000, 0x000000070fe00000|  0%| F|  |TAMS 0x000000070fc00000, 0x000000070fc00000| Untracked 
| 114|0x000000070fe00000, 0x000000070fe00000, 0x0000000710000000|  0%| F|  |TAMS 0x000000070fe00000, 0x000000070fe00000| Untracked 
| 115|0x0000000710000000, 0x0000000710000000, 0x0000000710200000|  0%| F|  |TAMS 0x0000000710000000, 0x0000000710000000| Untracked 
| 116|0x0000000710200000, 0x0000000710200000, 0x0000000710400000|  0%| F|  |TAMS 0x0000000710200000, 0x0000000710200000| Untracked 
| 117|0x0000000710400000, 0x0000000710400000, 0x0000000710600000|  0%| F|  |TAMS 0x0000000710400000, 0x0000000710400000| Untracked 
| 118|0x0000000710600000, 0x0000000710600000, 0x0000000710800000|  0%| F|  |TAMS 0x0000000710600000, 0x0000000710600000| Untracked 
| 119|0x0000000710800000, 0x0000000710800000, 0x0000000710a00000|  0%| F|  |TAMS 0x0000000710800000, 0x0000000710800000| Untracked 
| 120|0x0000000710a00000, 0x0000000710a00000, 0x0000000710c00000|  0%| F|  |TAMS 0x0000000710a00000, 0x0000000710a00000| Untracked 
| 121|0x0000000710c00000, 0x0000000710c00000, 0x0000000710e00000|  0%| F|  |TAMS 0x0000000710c00000, 0x0000000710c00000| Untracked 
| 122|0x0000000710e00000, 0x0000000710e00000, 0x0000000711000000|  0%| F|  |TAMS 0x0000000710e00000, 0x0000000710e00000| Untracked 
| 123|0x0000000711000000, 0x0000000711000000, 0x0000000711200000|  0%| F|  |TAMS 0x0000000711000000, 0x0000000711000000| Untracked 
| 124|0x0000000711200000, 0x0000000711200000, 0x0000000711400000|  0%| F|  |TAMS 0x0000000711200000, 0x0000000711200000| Untracked 
| 125|0x0000000711400000, 0x00000007115c3178, 0x0000000711600000| 88%| E|  |TAMS 0x0000000711400000, 0x0000000711400000| Complete 
| 126|0x0000000711600000, 0x0000000711800000, 0x0000000711800000|100%| E|CS|TAMS 0x0000000711600000, 0x0000000711600000| Complete 
| 127|0x0000000711800000, 0x0000000711a00000, 0x0000000711a00000|100%| E|CS|TAMS 0x0000000711800000, 0x0000000711800000| Complete 

Card table byte_map: [0x000001ca73000000,0x000001ca73800000] _byte_map_base: 0x000001ca6f7f3000

Marking Bits (Prev, Next): (CMBitMap*) 0x000001ca5fe6bdc0, (CMBitMap*) 0x000001ca5fe6be00
 Prev Bits: [0x000001ca74000000, 0x000001ca77f98000)
 Next Bits: [0x000001ca77fa0000, 0x000001ca7bf38000)

Polling page: 0x000001ca5dc70000

Metaspace:

Usage:
  Non-class:      7.62 MB used.
      Class:    664.97 KB used.
       Both:      8.27 MB used.

Virtual space:
  Non-class space:       64.00 MB reserved,       7.69 MB ( 12%) committed,  1 nodes.
      Class space:        1.00 GB reserved,     768.00 KB ( <1%) committed,  1 nodes.
             Both:        1.06 GB reserved,       8.44 MB ( <1%) committed. 

Chunk freelists:
   Non-Class:  7.97 MB
       Class:  15.24 MB
        Both:  23.21 MB

MaxMetaspaceSize: unlimited
CompressedClassSpaceSize: 1.00 GB
Initial GC threshold: 21.00 MB
Current GC threshold: 21.00 MB
CDS: off
MetaspaceReclaimPolicy: balanced
 - commit_granule_bytes: 65536.
 - commit_granule_words: 8192.
 - virtual_space_node_default_size: 8388608.
 - enlarge_chunks_in_place: 1.
 - new_chunks_are_fully_committed: 0.
 - uncommit_free_chunks: 1.
 - use_allocation_guard: 0.
 - handle_deallocations: 1.


Internal statistics:

num_allocs_failed_limit: 0.
num_arena_births: 32.
num_arena_deaths: 0.
num_vsnodes_births: 2.
num_vsnodes_deaths: 0.
num_space_committed: 133.
num_space_uncommitted: 0.
num_chunks_returned_to_freelist: 0.
num_chunks_taken_from_freelist: 72.
num_chunk_merges: 0.
num_chunk_splits: 50.
num_chunks_enlarged: 37.
num_inconsistent_stats: 0.

CodeHeap 'non-profiled nmethods': size=120000Kb used=128Kb max_used=128Kb free=119871Kb
 bounds [0x000001ca6afa0000, 0x000001ca6b210000, 0x000001ca724d0000]
CodeHeap 'profiled nmethods': size=120000Kb used=649Kb max_used=649Kb free=119351Kb
 bounds [0x000001ca634d0000, 0x000001ca63740000, 0x000001ca6aa00000]
CodeHeap 'non-nmethods': size=5760Kb used=1167Kb max_used=1180Kb free=4592Kb
 bounds [0x000001ca6aa00000, 0x000001ca6ac70000, 0x000001ca6afa0000]
 total_blobs=920 nmethods=456 adapters=377
 compilation: enabled
              stopped_count=0, restarted_count=0
 full_count=0

Compilation events (20 events):
Event: 0.751 Thread 0x000001ca7ea5be30 nmethod 428 0x000001ca6afbdf10 code [0x000001ca6afbe0a0, 0x000001ca6afbe178]
Event: 0.752 Thread 0x000001ca7ea5be30  435       3       java.lang.invoke.MemberName::getReferenceKind (12 bytes)
Event: 0.752 Thread 0x000001ca7ea5be30 nmethod 435 0x000001ca63562f10 code [0x000001ca635630a0, 0x000001ca635631b8]
Event: 0.752 Thread 0x000001ca7ea5be30  436       3       java.util.ImmutableCollections$ListN::get (7 bytes)
Event: 0.752 Thread 0x000001ca7ea5be30 nmethod 436 0x000001ca63563290 code [0x000001ca63563420, 0x000001ca63563558]
Event: 0.752 Thread 0x000001ca7ea5be30  440       3       java.util.Arrays::copyOf (40 bytes)
Event: 0.752 Thread 0x000001ca7ea5be30 nmethod 440 0x000001ca63563610 code [0x000001ca63563800, 0x000001ca63563ee8]
Event: 0.752 Thread 0x000001ca7ea5be30  443       3       java.lang.invoke.MethodType::checkPtypes (76 bytes)
Event: 0.753 Thread 0x000001ca7ea5be30 nmethod 443 0x000001ca63564110 code [0x000001ca63564380, 0x000001ca63564ce8]
Event: 0.753 Thread 0x000001ca7ea5be30  444       1       java.lang.invoke.LambdaForm$BasicType::basicTypeClass (5 bytes)
Event: 0.753 Thread 0x000001ca7ea5be30 nmethod 444 0x000001ca6afbeb10 code [0x000001ca6afbeca0, 0x000001ca6afbed78]
Event: 0.753 Thread 0x000001ca7ea5be30  441       3       java.lang.invoke.LambdaForm::internArgument (85 bytes)
Event: 0.753 Thread 0x000001ca7ea5be30 nmethod 441 0x000001ca63565090 code [0x000001ca63565260, 0x000001ca635655c8]
Event: 0.753 Thread 0x000001ca7ea5be30  439       1       java.lang.invoke.MethodTypeForm::erasedType (5 bytes)
Event: 0.753 Thread 0x000001ca7ea5be30 nmethod 439 0x000001ca6afbf110 code [0x000001ca6afbf2a0, 0x000001ca6afbf378]
Event: 0.754 Thread 0x000001ca7ea5be30  448       3       java.lang.invoke.LambdaForm$BasicType::basicType (19 bytes)
Event: 0.755 Thread 0x000001ca7ea5be30 nmethod 448 0x000001ca63565790 code [0x000001ca63565960, 0x000001ca63565bb8]
Event: 0.755 Thread 0x000001ca7ea5be30  450       3       java.lang.invoke.LambdaForm$Name::useCount (51 bytes)
Event: 0.755 Thread 0x000001ca7ea5be30 nmethod 450 0x000001ca63565d10 code [0x000001ca63565ec0, 0x000001ca63566138]
Event: 0.755 Thread 0x000001ca7ea5be30  452       3       jdk.internal.org.objectweb.asm.Frame::execute (2305 bytes)

GC Heap History (0 events):
No events

Dll operation events (8 events):
Event: 0.009 Loaded shared library C:\Users\MartyVlogs\.p2\pool\plugins\org.eclipse.justj.openjdk.hotspot.jre.full.win32.x86_64_17.0.10.v20240120-1143\jre\bin\java.dll
Event: 0.155 Loaded shared library C:\Users\MartyVlogs\.p2\pool\plugins\org.eclipse.justj.openjdk.hotspot.jre.full.win32.x86_64_17.0.10.v20240120-1143\jre\bin\net.dll
Event: 0.157 Loaded shared library C:\Users\MartyVlogs\.p2\pool\plugins\org.eclipse.justj.openjdk.hotspot.jre.full.win32.x86_64_17.0.10.v20240120-1143\jre\bin\nio.dll
Event: 0.165 Loaded shared library C:\Users\MartyVlogs\.p2\pool\plugins\org.eclipse.justj.openjdk.hotspot.jre.full.win32.x86_64_17.0.10.v20240120-1143\jre\bin\zip.dll
Event: 0.177 Loaded shared library C:\Users\MartyVlogs\.p2\pool\plugins\org.eclipse.justj.openjdk.hotspot.jre.full.win32.x86_64_17.0.10.v20240120-1143\jre\bin\verify.dll
Event: 0.201 Loaded shared library C:\Users\MartyVlogs\.p2\pool\plugins\org.eclipse.justj.openjdk.hotspot.jre.full.win32.x86_64_17.0.10.v20240120-1143\jre\bin\lwjgl64.dll
Event: 0.686 Loaded shared library C:\Users\MartyVlogs\.p2\pool\plugins\org.eclipse.justj.openjdk.hotspot.jre.full.win32.x86_64_17.0.10.v20240120-1143\jre\bin\jimage.dll
Event: 0.738 Loaded shared library C:\Users\MartyVlogs\.p2\pool\plugins\org.eclipse.justj.openjdk.hotspot.jre.full.win32.x86_64_17.0.10.v20240120-1143\jre\bin\awt.dll

Deoptimization events (0 events):
No events

Classes unloaded (0 events):
No events

Classes redefined (0 events):
No events

Internal exceptions (2 events):
Event: 0.726 Thread 0x000001ca5fdfe680 Exception <a 'java/lang/ClassNotFoundException'{0x00000007114fa158}: sun/awt/resources/spi/awtProvider> (0x00000007114fa158) 
thrown [s\src\hotspot\share\classfile\systemDictionary.cpp, line 256]
Event: 0.756 Thread 0x000001ca5fdfe680 Exception <a 'java/io/FileNotFoundException'{0x0000000711554058}> (0x0000000711554058) 
thrown [s\src\hotspot\share\prims\jni.cpp, line 516]

VM Operations (4 events):
Event: 0.172 Executing VM operation: HandshakeAllThreads
Event: 0.172 Executing VM operation: HandshakeAllThreads done
Event: 0.694 Executing VM operation: HandshakeAllThreads
Event: 0.694 Executing VM operation: HandshakeAllThreads done

Events (20 events):
Event: 0.752 loading class java/lang/invoke/BoundMethodHandle$Species_LLLLLLL
Event: 0.753 loading class java/lang/invoke/BoundMethodHandle$Species_LLLLLLL done
Event: 0.753 loading class java/util/TreeMap
Event: 0.753 loading class java/util/NavigableMap
Event: 0.753 loading class java/util/SortedMap
Event: 0.753 loading class java/util/SortedMap done
Event: 0.753 loading class java/util/NavigableMap done
Event: 0.754 loading class java/util/TreeMap done
Event: 0.754 loading class java/lang/invoke/LambdaFormEditor$1
Event: 0.754 loading class java/lang/invoke/LambdaFormEditor$1 done
Event: 0.754 loading class java/util/TreeMap$Entry
Event: 0.754 loading class java/util/TreeMap$Entry done
Event: 0.754 loading class java/util/TreeMap$EntrySet
Event: 0.754 loading class java/util/TreeMap$EntrySet done
Event: 0.754 loading class java/util/TreeMap$EntryIterator
Event: 0.754 loading class java/util/TreeMap$PrivateEntryIterator
Event: 0.754 loading class java/util/TreeMap$PrivateEntryIterator done
Event: 0.754 loading class java/util/TreeMap$EntryIterator done
Event: 0.755 loading class java/io/FileNotFoundException
Event: 0.755 loading class java/io/FileNotFoundException done


Dynamic libraries:
0x00007ff7a8d20000 - 0x00007ff7a8d2e000 	C:\Users\MartyVlogs\.p2\pool\plugins\org.eclipse.justj.openjdk.hotspot.jre.full.win32.x86_64_17.0.10.v20240120-1143\jre\bin\javaw.exe
0x00007ff95a070000 - 0x00007ff95a268000 	C:\WINDOWS\SYSTEM32\ntdll.dll
0x00007ff951920000 - 0x00007ff95193a000 	C:\Program Files\AVG\Antivirus\aswhook.dll
0x00007ff9587f0000 - 0x00007ff9588ad000 	C:\WINDOWS\System32\KERNEL32.DLL
0x00007ff957990000 - 0x00007ff957c86000 	C:\WINDOWS\System32\KERNELBASE.dll
0x00007ff957d30000 - 0x00007ff957e30000 	C:\WINDOWS\System32\ucrtbase.dll
0x00007ff94a6a0000 - 0x00007ff94a6b7000 	C:\Users\MartyVlogs\.p2\pool\plugins\org.eclipse.justj.openjdk.hotspot.jre.full.win32.x86_64_17.0.10.v20240120-1143\jre\bin\jli.dll
0x00007ff946c50000 - 0x00007ff946c6b000 	C:\Users\MartyVlogs\.p2\pool\plugins\org.eclipse.justj.openjdk.hotspot.jre.full.win32.x86_64_17.0.10.v20240120-1143\jre\bin\VCRUNTIME140.dll
0x00007ff959900000 - 0x00007ff959a9e000 	C:\WINDOWS\System32\USER32.dll
0x00007ff957e30000 - 0x00007ff957e52000 	C:\WINDOWS\System32\win32u.dll
0x00007ff940710000 - 0x00007ff9409aa000 	C:\WINDOWS\WinSxS\amd64_microsoft.windows.common-controls_6595b64144ccf1df_6.0.19041.3636_none_60b6a03d71f818d5\COMCTL32.dll
0x00007ff958480000 - 0x00007ff9584ac000 	C:\WINDOWS\System32\GDI32.dll
0x00007ff958940000 - 0x00007ff9589de000 	C:\WINDOWS\System32\msvcrt.dll
0x00007ff957e60000 - 0x00007ff957f7a000 	C:\WINDOWS\System32\gdi32full.dll
0x00007ff957c90000 - 0x00007ff957d2d000 	C:\WINDOWS\System32\msvcp_win.dll
0x00007ff959aa0000 - 0x00007ff959ad0000 	C:\WINDOWS\System32\IMM32.DLL
0x00007ff950150000 - 0x00007ff95015c000 	C:\Users\MartyVlogs\.p2\pool\plugins\org.eclipse.justj.openjdk.hotspot.jre.full.win32.x86_64_17.0.10.v20240120-1143\jre\bin\vcruntime140_1.dll
0x00007ff92f370000 - 0x00007ff92f3fd000 	C:\Users\MartyVlogs\.p2\pool\plugins\org.eclipse.justj.openjdk.hotspot.jre.full.win32.x86_64_17.0.10.v20240120-1143\jre\bin\msvcp140.dll
0x00007ff909ed0000 - 0x00007ff90ab32000 	C:\Users\MartyVlogs\.p2\pool\plugins\org.eclipse.justj.openjdk.hotspot.jre.full.win32.x86_64_17.0.10.v20240120-1143\jre\bin\server\jvm.dll
0x00007ff959f70000 - 0x00007ff95a01f000 	C:\WINDOWS\System32\ADVAPI32.dll
0x00007ff9591e0000 - 0x00007ff95927c000 	C:\WINDOWS\System32\sechost.dll
0x00007ff958660000 - 0x00007ff958786000 	C:\WINDOWS\System32\RPCRT4.dll
0x00007ff9570f0000 - 0x00007ff95713b000 	C:\WINDOWS\SYSTEM32\POWRPROF.dll
0x00007ff9553e0000 - 0x00007ff9553e9000 	C:\WINDOWS\SYSTEM32\WSOCK32.dll
0x00007ff945640000 - 0x00007ff945667000 	C:\WINDOWS\SYSTEM32\WINMM.dll
0x00007ff9585f0000 - 0x00007ff95865b000 	C:\WINDOWS\System32\WS2_32.dll
0x00007ff953690000 - 0x00007ff95369a000 	C:\WINDOWS\SYSTEM32\VERSION.dll
0x00007ff9570d0000 - 0x00007ff9570e2000 	C:\WINDOWS\SYSTEM32\UMPDC.dll
0x00007ff954f30000 - 0x00007ff954f42000 	C:\WINDOWS\SYSTEM32\kernel.appcore.dll
0x00007ff9553d0000 - 0x00007ff9553da000 	C:\Users\MartyVlogs\.p2\pool\plugins\org.eclipse.justj.openjdk.hotspot.jre.full.win32.x86_64_17.0.10.v20240120-1143\jre\bin\jimage.dll
0x00007ff951410000 - 0x00007ff9515f4000 	C:\WINDOWS\SYSTEM32\DBGHELP.DLL
0x00007ff9513d0000 - 0x00007ff951404000 	C:\WINDOWS\SYSTEM32\dbgcore.DLL
0x00007ff957fd0000 - 0x00007ff958052000 	C:\WINDOWS\System32\bcryptPrimitives.dll
0x00007ff947710000 - 0x00007ff947735000 	C:\Users\MartyVlogs\.p2\pool\plugins\org.eclipse.justj.openjdk.hotspot.jre.full.win32.x86_64_17.0.10.v20240120-1143\jre\bin\java.dll
0x00007ff94f740000 - 0x00007ff94f758000 	C:\Users\MartyVlogs\.p2\pool\plugins\org.eclipse.justj.openjdk.hotspot.jre.full.win32.x86_64_17.0.10.v20240120-1143\jre\bin\zip.dll
0x00007ff9589e0000 - 0x00007ff959125000 	C:\WINDOWS\System32\SHELL32.dll
0x00007ff955830000 - 0x00007ff955fcb000 	C:\WINDOWS\SYSTEM32\windows.storage.dll
0x00007ff959c10000 - 0x00007ff959f64000 	C:\WINDOWS\System32\combase.dll
0x00007ff957190000 - 0x00007ff9571bd000 	C:\WINDOWS\SYSTEM32\Wldp.dll
0x00007ff959130000 - 0x00007ff9591dd000 	C:\WINDOWS\System32\SHCORE.dll
0x00007ff959280000 - 0x00007ff9592d5000 	C:\WINDOWS\System32\shlwapi.dll
0x00007ff957680000 - 0x00007ff9576a5000 	C:\WINDOWS\SYSTEM32\profapi.dll
0x00007ff94f040000 - 0x00007ff94f059000 	C:\Users\MartyVlogs\.p2\pool\plugins\org.eclipse.justj.openjdk.hotspot.jre.full.win32.x86_64_17.0.10.v20240120-1143\jre\bin\net.dll
0x00007ff9507c0000 - 0x00007ff9508ca000 	C:\WINDOWS\SYSTEM32\WINHTTP.dll
0x00007ff956e80000 - 0x00007ff956eea000 	C:\WINDOWS\system32\mswsock.dll
0x00007ff946e30000 - 0x00007ff946e46000 	C:\Users\MartyVlogs\.p2\pool\plugins\org.eclipse.justj.openjdk.hotspot.jre.full.win32.x86_64_17.0.10.v20240120-1143\jre\bin\nio.dll
0x00007ff9553b0000 - 0x00007ff9553c0000 	C:\Users\MartyVlogs\.p2\pool\plugins\org.eclipse.justj.openjdk.hotspot.jre.full.win32.x86_64_17.0.10.v20240120-1143\jre\bin\verify.dll
0x0000000180000000 - 0x0000000180053000 	C:\Users\MartyVlogs\.p2\pool\plugins\org.eclipse.justj.openjdk.hotspot.jre.full.win32.x86_64_17.0.10.v20240120-1143\jre\bin\lwjgl64.dll
0x00007ff936970000 - 0x00007ff936a95000 	C:\WINDOWS\SYSTEM32\OPENGL32.dll
0x00007ff942800000 - 0x00007ff94282c000 	C:\WINDOWS\SYSTEM32\GLU32.dll
0x00007ff952b70000 - 0x00007ff952c1e000 	C:\WINDOWS\SYSTEM32\mscms.dll
0x00007ff957640000 - 0x00007ff95766e000 	C:\WINDOWS\SYSTEM32\USERENV.dll
0x00007ff952b50000 - 0x00007ff952b61000 	C:\WINDOWS\SYSTEM32\ColorAdapterClient.dll
0x00007ff9593c0000 - 0x00007ff95948d000 	C:\WINDOWS\System32\OLEAUT32.dll
0x00007ff958310000 - 0x00007ff9583b9000 	C:\WINDOWS\System32\clbcatq.dll
0x00007ff939210000 - 0x00007ff939253000 	C:\Windows\System32\Windows.Internal.Graphics.Display.DisplayColorManagement.dll
0x00007ff957f80000 - 0x00007ff957fce000 	C:\WINDOWS\System32\cfgmgr32.dll
0x00007ff9554b0000 - 0x00007ff95554e000 	C:\WINDOWS\system32\uxtheme.dll
0x00007ff959af0000 - 0x00007ff959c04000 	C:\WINDOWS\System32\MSCTF.dll
0x00007ff94b820000 - 0x00007ff94b922000 	C:\Windows\System32\AppXDeploymentClient.dll
0x00007ff8fbe90000 - 0x00007ff90011a000 	C:\WINDOWS\System32\DriverStore\FileRepository\nv_dispig.inf_amd64_7e5fd280efaa5445\nvoglv64.dll
0x00007ff959490000 - 0x00007ff9598fe000 	C:\WINDOWS\System32\SETUPAPI.dll
0x00007ff957750000 - 0x00007ff957777000 	C:\WINDOWS\System32\bcrypt.dll
0x00007ff9584c0000 - 0x00007ff9585eb000 	C:\WINDOWS\System32\ole32.dll
0x00007ff9516d0000 - 0x00007ff9516e4000 	C:\WINDOWS\SYSTEM32\WTSAPI32.dll
0x00007ff957320000 - 0x00007ff957332000 	C:\WINDOWS\SYSTEM32\msasn1.dll
0x00007ff94dbb0000 - 0x00007ff94dbe1000 	C:\WINDOWS\SYSTEM32\cryptnet.dll
0x00007ff957830000 - 0x00007ff95798d000 	C:\WINDOWS\System32\CRYPT32.dll
0x00007ff942520000 - 0x00007ff942668000 	C:\WINDOWS\SYSTEM32\drvstore.dll
0x00007ff9574e0000 - 0x00007ff957513000 	C:\WINDOWS\SYSTEM32\devobj.dll
0x00007ff957070000 - 0x00007ff95707c000 	C:\WINDOWS\SYSTEM32\cryptbase.dll
0x00007ff958060000 - 0x00007ff9580c7000 	C:\WINDOWS\System32\WINTRUST.dll
0x00007ff956870000 - 0x00007ff9568a3000 	C:\WINDOWS\SYSTEM32\ntmarta.dll
0x00007ff951960000 - 0x00007ff95199b000 	C:\WINDOWS\SYSTEM32\dxcore.dll
0x00007ff955590000 - 0x00007ff9555bf000 	C:\WINDOWS\SYSTEM32\dwmapi.dll
0x00007ff9508f0000 - 0x00007ff9509e9000 	C:\WINDOWS\SYSTEM32\textinputframework.dll
0x00007ff954ad0000 - 0x00007ff954e2b000 	C:\WINDOWS\System32\CoreUIComponents.dll
0x00007ff954e30000 - 0x00007ff954f22000 	C:\WINDOWS\System32\CoreMessaging.dll
0x00007ff954400000 - 0x00007ff954555000 	C:\WINDOWS\SYSTEM32\wintypes.dll
0x00007ff951680000 - 0x00007ff9516c3000 	C:\WINDOWS\SYSTEM32\icm32.dll
0x00007ff956d70000 - 0x00007ff956dcb000 	C:\WINDOWS\SYSTEM32\WINSTA.dll
0x00007ff926a50000 - 0x00007ff926be0000 	C:\Users\MartyVlogs\.p2\pool\plugins\org.eclipse.justj.openjdk.hotspot.jre.full.win32.x86_64_17.0.10.v20240120-1143\jre\bin\awt.dll
0x00007ff955090000 - 0x00007ff955120000 	C:\WINDOWS\SYSTEM32\apphelp.dll

dbghelp: loaded successfully - version: 4.0.5 - missing functions: none
symbol engine: initialized successfully - sym options: 0x614 - pdb path: .;C:\Users\MartyVlogs\.p2\pool\plugins\org.eclipse.justj.openjdk.hotspot.jre.full.win32.x86_64_17.0.10.v20240120-1143\jre\bin;C:\WINDOWS\SYSTEM32;C:\Program Files\AVG\Antivirus;C:\WINDOWS\WinSxS\amd64_microsoft.windows.common-controls_6595b64144ccf1df_6.0.19041.3636_none_60b6a03d71f818d5;C:\Users\MartyVlogs\.p2\pool\plugins\org.eclipse.justj.openjdk.hotspot.jre.full.win32.x86_64_17.0.10.v20240120-1143\jre\bin\server;C:\WINDOWS\System32\DriverStore\FileRepository\nv_dispig.inf_amd64_7e5fd280efaa5445

VM Arguments:
jvm_args: -Djava.library.path=C:\Users\MartyVlogs\Documents\lwjgl\nat -Dfile.encoding=UTF-8 -Dstdout.encoding=UTF-8 -Dstderr.encoding=UTF-8 -XX:+ShowCodeDetailsInExceptionMessages 
java_command: minezomboid.Main
java_class_path (initial): H:\Salad\Games\Minecraft\MCP22\mcp090\retromcp\MineZomboid\bin;C:\Users\MartyVlogs\Documents\lwjgl\AppleJavaExtensions.jar;C:\Users\MartyVlogs\Documents\lwjgl\asm-debug-all.jar;C:\Users\MartyVlogs\Documents\lwjgl\jinput.jar;C:\Users\MartyVlogs\Documents\lwjgl\laf-plugin-7.2.1.jar;C:\Users\MartyVlogs\Documents\lwjgl\laf-widget-7.2.1.jar;C:\Users\MartyVlogs\Documents\lwjgl\log4j-api-2.0-beta9.jar;C:\Users\MartyVlogs\Documents\lwjgl\lwjgl.jar;C:\Users\MartyVlogs\Documents\lwjgl\lwjgl_test.jar;C:\Users\MartyVlogs\Documents\lwjgl\lwjgl_util.jar;C:\Users\MartyVlogs\Documents\lwjgl\lwjgl_util_applet.jar;C:\Users\MartyVlogs\Documents\lwjgl\lwjgl-debug.jar;C:\Users\MartyVlogs\Documents\lwjgl\lzma.jar;C:\Users\MartyVlogs\Documents\lwjgl\substance-7.2.1.jar;C:\Users\MartyVlogs\Documents\lwjgl\trident-7.2.1.jar;H:\Salad\Games\Minecraft\MCP22\mcp090\retromcp\MineZomboid\add\Textures.jar
Launcher Type: SUN_STANDARD

[Global flags]
     intx CICompilerCount                          = 4                                         {product} {ergonomic}
     uint ConcGCThreads                            = 2                                         {product} {ergonomic}
     uint G1ConcRefinementThreads                  = 8                                         {product} {ergonomic}
   size_t G1HeapRegionSize                         = 2097152                                   {product} {ergonomic}
    uintx GCDrainStackTargetSize                   = 64                                        {product} {ergonomic}
   size_t InitialHeapSize                          = 268435456                                 {product} {ergonomic}
   size_t MarkStackSize                            = 4194304                                   {product} {ergonomic}
   size_t MaxHeapSize                              = 4267704320                                {product} {ergonomic}
   size_t MaxNewSize                               = 2560622592                                {product} {ergonomic}
   size_t MinHeapDeltaBytes                        = 2097152                                   {product} {ergonomic}
   size_t MinHeapSize                              = 8388608                                   {product} {ergonomic}
    uintx NonNMethodCodeHeapSize                   = 5839372                                {pd product} {ergonomic}
    uintx NonProfiledCodeHeapSize                  = 122909434                              {pd product} {ergonomic}
    uintx ProfiledCodeHeapSize                     = 122909434                              {pd product} {ergonomic}
    uintx ReservedCodeCacheSize                    = 251658240                              {pd product} {ergonomic}
     bool SegmentedCodeCache                       = true                                      {product} {ergonomic}
     bool ShowCodeDetailsInExceptionMessages       = true                                   {manageable} {command line}
   size_t SoftMaxHeapSize                          = 4267704320                             {manageable} {ergonomic}
     bool UseCompressedClassPointers               = true                           {product lp64_product} {ergonomic}
     bool UseCompressedOops                        = true                           {product lp64_product} {ergonomic}
     bool UseG1GC                                  = true                                      {product} {ergonomic}
     bool UseLargePagesIndividualAllocation        = false                                  {pd product} {ergonomic}

Logging:
Log output configuration:
 #0: stdout all=warning uptime,level,tags
 #1: stderr all=off uptime,level,tags

Environment Variables:
PATH=C:/Users/MartyVlogs/.p2/pool/plugins/org.eclipse.justj.openjdk.hotspot.jre.full.win32.x86_64_17.0.10.v20240120-1143/jre/bin/server;C:/Users/MartyVlogs/.p2/pool/plugins/org.eclipse.justj.openjdk.hotspot.jre.full.win32.x86_64_17.0.10.v20240120-1143/jre/bin;C:\Program Files\Common Files\Oracle\Java\javapath;C:\Program Files (x86)\Common Files\Oracle\Java\java8path;C:\Program Files (x86)\Common Files\Oracle\Java\javapath;C:\WINDOWS\system32;C:\WINDOWS;C:\WINDOWS\System32\Wbem;C:\WINDOWS\System32\WindowsPowerShell\v1.0\;C:\WINDOWS\System32\OpenSSH\;C:\Users\MartyVlogs\AppData\Local\Microsoft\WindowsApps;;C:\WINDOWS\System32;
USERNAME=MartyVlogs
OS=Windows_NT
PROCESSOR_IDENTIFIER=Intel64 Family 6 Model 42 Stepping 7, GenuineIntel
TMP=C:\Users\MARTYV~1\AppData\Local\Temp
TEMP=C:\Users\MARTYV~1\AppData\Local\Temp



Periodic native trim disabled


---------------  S Y S T E M  ---------------

OS:
 Windows 10 , 64 bit Build 19041 (10.0.19041.3636)
OS uptime: 2 days 0:33 hours

CPU: total 8 (initial active 8) (4 cores per cpu, 2 threads per core) family 6 model 42 stepping 7 microcode 0x2f, cx8, cmov, fxsr, ht, mmx, sse, sse2, sse3, ssse3, sse4.1, sse4.2, popcnt, tsc, tscinvbit, avx, aes, clmul, vzeroupper, clflush
Processor Information for all 8 processors :
  Max Mhz: 3401, Current Mhz: 3401, Mhz Limit: 3401

Memory: 4k page, system-wide physical 16277M (6741M free)
TotalPageFile size 31389M (AvailPageFile size 5M)
current process WorkingSet (physical memory assigned to process): 78M, peak: 78M
current process commit charge ("private bytes"): 388M, peak: 388M

vm_info: OpenJDK 64-Bit Server VM (17.0.10+7) for windows-amd64 JRE (17.0.10+7), built on Jan 16 2024 23:25:11 by "admin" with MS VC++ 16.10 / 16.11 (VS2019)

END.
