#
# There is insufficient memory for the Java Runtime Environment to continue.
# Native memory allocation (mmap) failed to map 65536 bytes for Failed to commit metaspace.
# Possible reasons:
#   The system is out of physical RAM or swap space
#   The process is running with CompressedOops enabled, and the Java Heap may be blocking the growth of the native heap
# Possible solutions:
#   Reduce memory load on the system
#   Increase physical memory or swap space
#   Check if swap backing store is full
#   Decrease Java heap size (-Xmx/-Xms)
#   Decrease number of Java threads
#   Decrease Java thread stack sizes (-Xss)
#   Set larger code cache with -XX:ReservedCodeCacheSize=
#   JVM is running with Zero Based Compressed Oops mode in which the Java heap is
#     placed in the first 32GB address space. The Java Heap base address is the
#     maximum limit for the native heap growth. Please use -XX:HeapBaseMinAddress
#     to set the Java Heap base and to place the Java Heap above 32GB virtual address.
# This output file may be truncated or incomplete.
#
#  Out of Memory Error (virtualSpaceNode.cpp:110), pid=4944, tid=9556
#
# JRE version: OpenJDK Runtime Environment Temurin-17.0.10+7 (17.0.10+7) (build 17.0.10+7)
# Java VM: OpenJDK 64-Bit Server VM Temurin-17.0.10+7 (17.0.10+7, mixed mode, tiered, compressed oops, compressed class ptrs, g1 gc, windows-amd64)
# No core dump will be written. Minidumps are not enabled by default on client versions of Windows
#

---------------  S U M M A R Y ------------

Command Line: -Djava.library.path=C:\Users\MartyVlogs\Documents\lwjgl\nat -Dfile.encoding=UTF-8 -Dstdout.encoding=UTF-8 -Dstderr.encoding=UTF-8 -XX:+ShowCodeDetailsInExceptionMessages minezomboid.Main

Host: Intel(R) Core(TM) i7-2600K CPU @ 3.40GHz, 8 cores, 15G,  Windows 10 , 64 bit Build 19041 (10.0.19041.3636)
Time: Wed Jul 10 08:44:58 2024 Pacific Daylight Time elapsed time: 0.716134 seconds (0d 0h 0m 0s)

---------------  T H R E A D  ---------------

Current thread (0x000001b5066ecdb0):  JavaThread "main" [_thread_in_vm, id=9556, stack(0x0000000282500000,0x0000000282600000)]

Stack: [0x0000000282500000,0x0000000282600000]
Native frames: (J=compiled Java code, j=interpreted, Vv=VM code, C=native code)
V  [jvm.dll+0x67d2c9]
V  [jvm.dll+0x834afa]
V  [jvm.dll+0x8365be]
V  [jvm.dll+0x836c23]
V  [jvm.dll+0x2477ff]
V  [jvm.dll+0x8307bb]
V  [jvm.dll+0x621d16]
V  [jvm.dll+0x621d7a]
V  [jvm.dll+0x6245aa]
V  [jvm.dll+0x6226b6]
V  [jvm.dll+0x23bd4f]
V  [jvm.dll+0x62c565]
V  [jvm.dll+0x1eb80b]
V  [jvm.dll+0x1ebd45]
V  [jvm.dll+0x1ec800]
V  [jvm.dll+0x1e1c01]
V  [jvm.dll+0x5427ce]
V  [jvm.dll+0x1f2647]
V  [jvm.dll+0x7adf9b]
V  [jvm.dll+0x7af36c]
V  [jvm.dll+0x7afbe3]
V  [jvm.dll+0x1e9fb6]
V  [jvm.dll+0x1ec73c]
V  [jvm.dll+0x1e1c01]
V  [jvm.dll+0x5427ce]
V  [jvm.dll+0x1f2647]
V  [jvm.dll+0x7adf9b]
V  [jvm.dll+0x7af36c]
V  [jvm.dll+0x7af6b8]
V  [jvm.dll+0x23face]
V  [jvm.dll+0x38260e]
C  0x000001b51130b684

The last pc belongs to new (printed below).
Java frames: (J=compiled Java code, j=interpreted, Vv=VM code)
j  jdk.internal.module.SystemModuleFinders$2.get()Ljava/lang/module/ModuleReader;+0 java.base@17.0.10
j  jdk.internal.module.SystemModuleFinders$2.get()Ljava/lang/Object;+1 java.base@17.0.10
j  jdk.internal.module.ModuleReferenceImpl.open()Ljava/lang/module/ModuleReader;+4 java.base@17.0.10
j  jdk.internal.loader.BuiltinClassLoader$5.apply(Ljava/lang/module/ModuleReference;)Ljava/lang/module/ModuleReader;+4 java.base@17.0.10
j  jdk.internal.loader.BuiltinClassLoader$5.apply(Ljava/lang/Object;)Ljava/lang/Object;+5 java.base@17.0.10
j  java.util.concurrent.ConcurrentHashMap.computeIfAbsent(Ljava/lang/Object;Ljava/util/function/Function;)Ljava/lang/Object;+115 java.base@17.0.10
j  jdk.internal.loader.BuiltinClassLoader.moduleReaderFor(Ljava/lang/module/ModuleReference;)Ljava/lang/module/ModuleReader;+34 java.base@17.0.10
j  jdk.internal.loader.BuiltinClassLoader$2.run()Ljava/util/List;+44 java.base@17.0.10
j  jdk.internal.loader.BuiltinClassLoader$2.run()Ljava/lang/Object;+1 java.base@17.0.10
j  java.security.AccessController.executePrivileged(Ljava/security/PrivilegedExceptionAction;Ljava/security/AccessControlContext;Ljava/lang/Class;)Ljava/lang/Object;+29 java.base@17.0.10
j  java.security.AccessController.doPrivileged(Ljava/security/PrivilegedExceptionAction;)Ljava/lang/Object;+9 java.base@17.0.10
j  jdk.internal.loader.BuiltinClassLoader.findMiscResource(Ljava/lang/String;)Ljava/util/List;+83 java.base@17.0.10
j  jdk.internal.loader.BuiltinClassLoader.findResource(Ljava/lang/String;)Ljava/net/URL;+95 java.base@17.0.10
j  jdk.internal.loader.BootLoader.findResource(Ljava/lang/String;)Ljava/net/URL;+4 java.base@17.0.10
j  java.lang.ClassLoader.getResource(Ljava/lang/String;)Ljava/net/URL;+25 java.base@17.0.10
j  java.lang.ClassLoader.getResource(Ljava/lang/String;)Ljava/net/URL;+17 java.base@17.0.10
j  java.lang.ClassLoader.getResourceAsStream(Ljava/lang/String;)Ljava/io/InputStream;+7 java.base@17.0.10
j  minezomboid.Main.loadTextures()V+9
j  minezomboid.Main.start()V+36
j  minezomboid.Main.main([Ljava/lang/String;)V+9
v  ~StubRoutines::call_stub
new  187 new  [0x000001b51130b4e0, 0x000001b51130b700]  544 bytes
[MachCode]
  0x000001b51130b4e0: 4883 ec08 | c5fa 1104 | 24eb 1f48 | 83ec 10c5 | fb11 0424 | eb14 4883 | ec10 4889 | 0424 48c7 
  0x000001b51130b500: 4424 0800 | 0000 00eb | 0150 410f | b755 010f | cac1 ea10 | 488b 4de8 | 488b 4908 | 488b 4908 
  0x000001b51130b520: 488b 4108 | 807c 1004 | 070f 85df | 0000 0066 | 8b54 d148 | 488b 4928 | 488b 4cd1 | 0851 80b9 
  0x000001b51130b540: 3301 0000 | 040f 85c2 | 0000 008b | 5108 f7c2 | 0100 0000 | 0f85 b300 | 0000 498b | 8708 0100 
  0x000001b51130b560: 0048 8d1c | 1049 3b9f | 1801 0000 | 0f87 9b00 | 0000 4989 | 9f08 0100 | 00e9 0000 | 0000 4883 
  0x000001b51130b580: ea10 0f84 | 0f00 0000 | 33c9 c1ea | 0348 894c | d008 48ff | ca75 f648 | c700 0100 | 0000 5933 
  0x000001b51130b5a0: f689 700c | 49ba 0000 | 0000 0800 | 0000 492b | ca89 4808 | 49ba 7a35 | a50a f97f | 0000 4180 
  0x000001b51130b5c0: 3a00 0f84 | 4000 0000 | 5048 8bc8 | 4883 ec20 | f7c4 0f00 | 0000 0f84 | 1a00 0000 | 4883 ec08 
  0x000001b51130b5e0: 49ba 2030 | 5b0a f97f | 0000 41ff | d248 83c4 | 08e9 0d00 | 0000 49ba | 2030 5b0a | f97f 0000 
  0x000001b51130b600: 41ff d248 | 83c4 2058 | e9cd 0000 | 0059 488b | 55e8 488b | 5208 488b | 5208 450f | b745 0141 
  0x000001b51130b620: 0fc8 41c1 | e810 e805 | 0000 00e9 | aa00 0000 | 488d 4424 | 084c 896d | c049 8bcf | c5f8 7749 
  0x000001b51130b640: 89af a802 | 0000 4989 | 8798 0200 | 0048 83ec | 20f7 c40f | 0000 000f | 841a 0000 | 0048 83ec 
  0x000001b51130b660: 0849 bac0 | 2525 0af9 | 7f00 0041 | ffd2 4883 | c408 e90d | 0000 0049 | bac0 2525 | 0af9 7f00 
  0x000001b51130b680: 0041 ffd2 | 4883 c420 | 49c7 8798 | 0200 0000 | 0000 0049 | c787 a802 | 0000 0000 | 0000 49c7 
  0x000001b51130b6a0: 87a0 0200 | 0000 0000 | 00c5 f877 | 4981 7f08 | 0000 0000 | 0f84 0500 | 0000 e941 | 58fe ff49 
  0x000001b51130b6c0: 8b87 f002 | 0000 49c7 | 87f0 0200 | 0000 0000 | 004c 8b6d | c04c 8b75 | c8c3 410f | b65d 0349 
  0x000001b51130b6e0: 83c5 0349 | ba90 a1a7 | 0af9 7f00 | 0041 ff24 | da0f 1f80 | 0000 0000 | 0000 0000 | 0000 0000 
[/MachCode]

---------------  P R O C E S S  ---------------

Threads class SMR info:
_java_thread_list=0x000001b5254fae70, length=12, elements={
0x000001b5066ecdb0, 0x000001b52533e3e0, 0x000001b52533f4e0, 0x000001b525360290,
0x000001b525360d60, 0x000001b525363730, 0x000001b5253675f0, 0x000001b5253703a0,
0x000001b525371260, 0x000001b52537c440, 0x000001b5254eaf70, 0x000001b525505970
}

Java Threads: ( => current thread )
=>0x000001b5066ecdb0 JavaThread "main" [_thread_in_vm, id=9556, stack(0x0000000282500000,0x0000000282600000)]
  0x000001b52533e3e0 JavaThread "Reference Handler" daemon [_thread_blocked, id=12608, stack(0x0000000282c00000,0x0000000282d00000)]
  0x000001b52533f4e0 JavaThread "Finalizer" daemon [_thread_blocked, id=4068, stack(0x0000000282d00000,0x0000000282e00000)]
  0x000001b525360290 JavaThread "Signal Dispatcher" daemon [_thread_blocked, id=4472, stack(0x0000000282e00000,0x0000000282f00000)]
  0x000001b525360d60 JavaThread "Attach Listener" daemon [_thread_blocked, id=8784, stack(0x0000000282f00000,0x0000000283000000)]
  0x000001b525363730 JavaThread "Service Thread" daemon [_thread_blocked, id=10424, stack(0x0000000283000000,0x0000000283100000)]
  0x000001b5253675f0 JavaThread "Monitor Deflation Thread" daemon [_thread_blocked, id=4536, stack(0x0000000283100000,0x0000000283200000)]
  0x000001b5253703a0 JavaThread "C2 CompilerThread0" daemon [_thread_blocked, id=13548, stack(0x0000000283200000,0x0000000283300000)]
  0x000001b525371260 JavaThread "C1 CompilerThread0" daemon [_thread_blocked, id=4904, stack(0x0000000283300000,0x0000000283400000)]
  0x000001b52537c440 JavaThread "Sweeper thread" daemon [_thread_blocked, id=13708, stack(0x0000000283400000,0x0000000283500000)]
  0x000001b5254eaf70 JavaThread "Notification Thread" daemon [_thread_blocked, id=16704, stack(0x0000000283500000,0x0000000283600000)]
  0x000001b525505970 JavaThread "Common-Cleaner" daemon [_thread_blocked, id=10312, stack(0x0000000283700000,0x0000000283800000)]

Other Threads:
  0x000001b5252c3e10 VMThread "VM Thread" [stack: 0x0000000282b00000,0x0000000282c00000] [id=17380]
  0x000001b5254ed460 WatcherThread [stack: 0x0000000283600000,0x0000000283700000] [id=4940]
  0x000001b5067598b0 GCTaskThread "GC Thread#0" [stack: 0x0000000282600000,0x0000000282700000] [id=9348]
  0x000001b50676bed0 ConcurrentGCThread "G1 Main Marker" [stack: 0x0000000282700000,0x0000000282800000] [id=3728]
  0x000001b50676c8f0 ConcurrentGCThread "G1 Conc#0" [stack: 0x0000000282800000,0x0000000282900000] [id=3008]
  0x000001b5067a3540 ConcurrentGCThread "G1 Refine#0" [stack: 0x0000000282900000,0x0000000282a00000] [id=5524]
  0x000001b5067a3e80 ConcurrentGCThread "G1 Service" [stack: 0x0000000282a00000,0x0000000282b00000] [id=8176]

Threads with active compile tasks:

VM state: not at safepoint (normal execution)

VM Mutex/Monitor currently owned by a thread:  ([mutex/lock_event])
[0x000001b5066e8270] Metaspace_lock - owner thread: 0x000001b5066ecdb0

Heap address: 0x0000000701a00000, size: 4070 MB, Compressed Oops mode: Zero based, Oop shift amount: 3

CDS archive(s) not mapped
Compressed class space mapped at: 0x0000000800000000-0x0000000840000000, reserved size: 1073741824
Narrow klass base: 0x0000000800000000, Narrow klass shift: 0, Narrow klass range: 0x40000000

GC Precious Log:
 CPUs: 8 total, 8 available
 Memory: 16277M
 Large Page Support: Disabled
 NUMA Support: Disabled
 Compressed Oops: Enabled (Zero based)
 Heap Region Size: 2M
 Heap Min Capacity: 8M
 Heap Initial Capacity: 256M
 Heap Max Capacity: 4070M
 Pre-touch: Disabled
 Parallel Workers: 8
 Concurrent Workers: 2
 Concurrent Refinement Workers: 8
 Periodic GC: Disabled

Heap:
 garbage-first heap   total 262144K, used 4096K [0x0000000701a00000, 0x0000000800000000)
  region size 2048K, 3 young (6144K), 0 survivors (0K)
 Metaspace       used 6346K, committed 6400K, reserved 1114112K
  class space    used 486K, committed 512K, reserved 1048576K

Heap Regions: E=young(eden), S=young(survivor), O=old, HS=humongous(starts), HC=humongous(continues), CS=collection set, F=free, OA=open archive, CA=closed archive, TAMS=top-at-mark-start (previous, next)
|   0|0x0000000701a00000, 0x0000000701a00000, 0x0000000701c00000|  0%| F|  |TAMS 0x0000000701a00000, 0x0000000701a00000| Untracked 
|   1|0x0000000701c00000, 0x0000000701c00000, 0x0000000701e00000|  0%| F|  |TAMS 0x0000000701c00000, 0x0000000701c00000| Untracked 
|   2|0x0000000701e00000, 0x0000000701e00000, 0x0000000702000000|  0%| F|  |TAMS 0x0000000701e00000, 0x0000000701e00000| Untracked 
|   3|0x0000000702000000, 0x0000000702000000, 0x0000000702200000|  0%| F|  |TAMS 0x0000000702000000, 0x0000000702000000| Untracked 
|   4|0x0000000702200000, 0x0000000702200000, 0x0000000702400000|  0%| F|  |TAMS 0x0000000702200000, 0x0000000702200000| Untracked 
|   5|0x0000000702400000, 0x0000000702400000, 0x0000000702600000|  0%| F|  |TAMS 0x0000000702400000, 0x0000000702400000| Untracked 
|   6|0x0000000702600000, 0x0000000702600000, 0x0000000702800000|  0%| F|  |TAMS 0x0000000702600000, 0x0000000702600000| Untracked 
|   7|0x0000000702800000, 0x0000000702800000, 0x0000000702a00000|  0%| F|  |TAMS 0x0000000702800000, 0x0000000702800000| Untracked 
|   8|0x0000000702a00000, 0x0000000702a00000, 0x0000000702c00000|  0%| F|  |TAMS 0x0000000702a00000, 0x0000000702a00000| Untracked 
|   9|0x0000000702c00000, 0x0000000702c00000, 0x0000000702e00000|  0%| F|  |TAMS 0x0000000702c00000, 0x0000000702c00000| Untracked 
|  10|0x0000000702e00000, 0x0000000702e00000, 0x0000000703000000|  0%| F|  |TAMS 0x0000000702e00000, 0x0000000702e00000| Untracked 
|  11|0x0000000703000000, 0x0000000703000000, 0x0000000703200000|  0%| F|  |TAMS 0x0000000703000000, 0x0000000703000000| Untracked 
|  12|0x0000000703200000, 0x0000000703200000, 0x0000000703400000|  0%| F|  |TAMS 0x0000000703200000, 0x0000000703200000| Untracked 
|  13|0x0000000703400000, 0x0000000703400000, 0x0000000703600000|  0%| F|  |TAMS 0x0000000703400000, 0x0000000703400000| Untracked 
|  14|0x0000000703600000, 0x0000000703600000, 0x0000000703800000|  0%| F|  |TAMS 0x0000000703600000, 0x0000000703600000| Untracked 
|  15|0x0000000703800000, 0x0000000703800000, 0x0000000703a00000|  0%| F|  |TAMS 0x0000000703800000, 0x0000000703800000| Untracked 
|  16|0x0000000703a00000, 0x0000000703a00000, 0x0000000703c00000|  0%| F|  |TAMS 0x0000000703a00000, 0x0000000703a00000| Untracked 
|  17|0x0000000703c00000, 0x0000000703c00000, 0x0000000703e00000|  0%| F|  |TAMS 0x0000000703c00000, 0x0000000703c00000| Untracked 
|  18|0x0000000703e00000, 0x0000000703e00000, 0x0000000704000000|  0%| F|  |TAMS 0x0000000703e00000, 0x0000000703e00000| Untracked 
|  19|0x0000000704000000, 0x0000000704000000, 0x0000000704200000|  0%| F|  |TAMS 0x0000000704000000, 0x0000000704000000| Untracked 
|  20|0x0000000704200000, 0x0000000704200000, 0x0000000704400000|  0%| F|  |TAMS 0x0000000704200000, 0x0000000704200000| Untracked 
|  21|0x0000000704400000, 0x0000000704400000, 0x0000000704600000|  0%| F|  |TAMS 0x0000000704400000, 0x0000000704400000| Untracked 
|  22|0x0000000704600000, 0x0000000704600000, 0x0000000704800000|  0%| F|  |TAMS 0x0000000704600000, 0x0000000704600000| Untracked 
|  23|0x0000000704800000, 0x0000000704800000, 0x0000000704a00000|  0%| F|  |TAMS 0x0000000704800000, 0x0000000704800000| Untracked 
|  24|0x0000000704a00000, 0x0000000704a00000, 0x0000000704c00000|  0%| F|  |TAMS 0x0000000704a00000, 0x0000000704a00000| Untracked 
|  25|0x0000000704c00000, 0x0000000704c00000, 0x0000000704e00000|  0%| F|  |TAMS 0x0000000704c00000, 0x0000000704c00000| Untracked 
|  26|0x0000000704e00000, 0x0000000704e00000, 0x0000000705000000|  0%| F|  |TAMS 0x0000000704e00000, 0x0000000704e00000| Untracked 
|  27|0x0000000705000000, 0x0000000705000000, 0x0000000705200000|  0%| F|  |TAMS 0x0000000705000000, 0x0000000705000000| Untracked 
|  28|0x0000000705200000, 0x0000000705200000, 0x0000000705400000|  0%| F|  |TAMS 0x0000000705200000, 0x0000000705200000| Untracked 
|  29|0x0000000705400000, 0x0000000705400000, 0x0000000705600000|  0%| F|  |TAMS 0x0000000705400000, 0x0000000705400000| Untracked 
|  30|0x0000000705600000, 0x0000000705600000, 0x0000000705800000|  0%| F|  |TAMS 0x0000000705600000, 0x0000000705600000| Untracked 
|  31|0x0000000705800000, 0x0000000705800000, 0x0000000705a00000|  0%| F|  |TAMS 0x0000000705800000, 0x0000000705800000| Untracked 
|  32|0x0000000705a00000, 0x0000000705a00000, 0x0000000705c00000|  0%| F|  |TAMS 0x0000000705a00000, 0x0000000705a00000| Untracked 
|  33|0x0000000705c00000, 0x0000000705c00000, 0x0000000705e00000|  0%| F|  |TAMS 0x0000000705c00000, 0x0000000705c00000| Untracked 
|  34|0x0000000705e00000, 0x0000000705e00000, 0x0000000706000000|  0%| F|  |TAMS 0x0000000705e00000, 0x0000000705e00000| Untracked 
|  35|0x0000000706000000, 0x0000000706000000, 0x0000000706200000|  0%| F|  |TAMS 0x0000000706000000, 0x0000000706000000| Untracked 
|  36|0x0000000706200000, 0x0000000706200000, 0x0000000706400000|  0%| F|  |TAMS 0x0000000706200000, 0x0000000706200000| Untracked 
|  37|0x0000000706400000, 0x0000000706400000, 0x0000000706600000|  0%| F|  |TAMS 0x0000000706400000, 0x0000000706400000| Untracked 
|  38|0x0000000706600000, 0x0000000706600000, 0x0000000706800000|  0%| F|  |TAMS 0x0000000706600000, 0x0000000706600000| Untracked 
|  39|0x0000000706800000, 0x0000000706800000, 0x0000000706a00000|  0%| F|  |TAMS 0x0000000706800000, 0x0000000706800000| Untracked 
|  40|0x0000000706a00000, 0x0000000706a00000, 0x0000000706c00000|  0%| F|  |TAMS 0x0000000706a00000, 0x0000000706a00000| Untracked 
|  41|0x0000000706c00000, 0x0000000706c00000, 0x0000000706e00000|  0%| F|  |TAMS 0x0000000706c00000, 0x0000000706c00000| Untracked 
|  42|0x0000000706e00000, 0x0000000706e00000, 0x0000000707000000|  0%| F|  |TAMS 0x0000000706e00000, 0x0000000706e00000| Untracked 
|  43|0x0000000707000000, 0x0000000707000000, 0x0000000707200000|  0%| F|  |TAMS 0x0000000707000000, 0x0000000707000000| Untracked 
|  44|0x0000000707200000, 0x0000000707200000, 0x0000000707400000|  0%| F|  |TAMS 0x0000000707200000, 0x0000000707200000| Untracked 
|  45|0x0000000707400000, 0x0000000707400000, 0x0000000707600000|  0%| F|  |TAMS 0x0000000707400000, 0x0000000707400000| Untracked 
|  46|0x0000000707600000, 0x0000000707600000, 0x0000000707800000|  0%| F|  |TAMS 0x0000000707600000, 0x0000000707600000| Untracked 
|  47|0x0000000707800000, 0x0000000707800000, 0x0000000707a00000|  0%| F|  |TAMS 0x0000000707800000, 0x0000000707800000| Untracked 
|  48|0x0000000707a00000, 0x0000000707a00000, 0x0000000707c00000|  0%| F|  |TAMS 0x0000000707a00000, 0x0000000707a00000| Untracked 
|  49|0x0000000707c00000, 0x0000000707c00000, 0x0000000707e00000|  0%| F|  |TAMS 0x0000000707c00000, 0x0000000707c00000| Untracked 
|  50|0x0000000707e00000, 0x0000000707e00000, 0x0000000708000000|  0%| F|  |TAMS 0x0000000707e00000, 0x0000000707e00000| Untracked 
|  51|0x0000000708000000, 0x0000000708000000, 0x0000000708200000|  0%| F|  |TAMS 0x0000000708000000, 0x0000000708000000| Untracked 
|  52|0x0000000708200000, 0x0000000708200000, 0x0000000708400000|  0%| F|  |TAMS 0x0000000708200000, 0x0000000708200000| Untracked 
|  53|0x0000000708400000, 0x0000000708400000, 0x0000000708600000|  0%| F|  |TAMS 0x0000000708400000, 0x0000000708400000| Untracked 
|  54|0x0000000708600000, 0x0000000708600000, 0x0000000708800000|  0%| F|  |TAMS 0x0000000708600000, 0x0000000708600000| Untracked 
|  55|0x0000000708800000, 0x0000000708800000, 0x0000000708a00000|  0%| F|  |TAMS 0x0000000708800000, 0x0000000708800000| Untracked 
|  56|0x0000000708a00000, 0x0000000708a00000, 0x0000000708c00000|  0%| F|  |TAMS 0x0000000708a00000, 0x0000000708a00000| Untracked 
|  57|0x0000000708c00000, 0x0000000708c00000, 0x0000000708e00000|  0%| F|  |TAMS 0x0000000708c00000, 0x0000000708c00000| Untracked 
|  58|0x0000000708e00000, 0x0000000708e00000, 0x0000000709000000|  0%| F|  |TAMS 0x0000000708e00000, 0x0000000708e00000| Untracked 
|  59|0x0000000709000000, 0x0000000709000000, 0x0000000709200000|  0%| F|  |TAMS 0x0000000709000000, 0x0000000709000000| Untracked 
|  60|0x0000000709200000, 0x0000000709200000, 0x0000000709400000|  0%| F|  |TAMS 0x0000000709200000, 0x0000000709200000| Untracked 
|  61|0x0000000709400000, 0x0000000709400000, 0x0000000709600000|  0%| F|  |TAMS 0x0000000709400000, 0x0000000709400000| Untracked 
|  62|0x0000000709600000, 0x0000000709600000, 0x0000000709800000|  0%| F|  |TAMS 0x0000000709600000, 0x0000000709600000| Untracked 
|  63|0x0000000709800000, 0x0000000709800000, 0x0000000709a00000|  0%| F|  |TAMS 0x0000000709800000, 0x0000000709800000| Untracked 
|  64|0x0000000709a00000, 0x0000000709a00000, 0x0000000709c00000|  0%| F|  |TAMS 0x0000000709a00000, 0x0000000709a00000| Untracked 
|  65|0x0000000709c00000, 0x0000000709c00000, 0x0000000709e00000|  0%| F|  |TAMS 0x0000000709c00000, 0x0000000709c00000| Untracked 
|  66|0x0000000709e00000, 0x0000000709e00000, 0x000000070a000000|  0%| F|  |TAMS 0x0000000709e00000, 0x0000000709e00000| Untracked 
|  67|0x000000070a000000, 0x000000070a000000, 0x000000070a200000|  0%| F|  |TAMS 0x000000070a000000, 0x000000070a000000| Untracked 
|  68|0x000000070a200000, 0x000000070a200000, 0x000000070a400000|  0%| F|  |TAMS 0x000000070a200000, 0x000000070a200000| Untracked 
|  69|0x000000070a400000, 0x000000070a400000, 0x000000070a600000|  0%| F|  |TAMS 0x000000070a400000, 0x000000070a400000| Untracked 
|  70|0x000000070a600000, 0x000000070a600000, 0x000000070a800000|  0%| F|  |TAMS 0x000000070a600000, 0x000000070a600000| Untracked 
|  71|0x000000070a800000, 0x000000070a800000, 0x000000070aa00000|  0%| F|  |TAMS 0x000000070a800000, 0x000000070a800000| Untracked 
|  72|0x000000070aa00000, 0x000000070aa00000, 0x000000070ac00000|  0%| F|  |TAMS 0x000000070aa00000, 0x000000070aa00000| Untracked 
|  73|0x000000070ac00000, 0x000000070ac00000, 0x000000070ae00000|  0%| F|  |TAMS 0x000000070ac00000, 0x000000070ac00000| Untracked 
|  74|0x000000070ae00000, 0x000000070ae00000, 0x000000070b000000|  0%| F|  |TAMS 0x000000070ae00000, 0x000000070ae00000| Untracked 
|  75|0x000000070b000000, 0x000000070b000000, 0x000000070b200000|  0%| F|  |TAMS 0x000000070b000000, 0x000000070b000000| Untracked 
|  76|0x000000070b200000, 0x000000070b200000, 0x000000070b400000|  0%| F|  |TAMS 0x000000070b200000, 0x000000070b200000| Untracked 
|  77|0x000000070b400000, 0x000000070b400000, 0x000000070b600000|  0%| F|  |TAMS 0x000000070b400000, 0x000000070b400000| Untracked 
|  78|0x000000070b600000, 0x000000070b600000, 0x000000070b800000|  0%| F|  |TAMS 0x000000070b600000, 0x000000070b600000| Untracked 
|  79|0x000000070b800000, 0x000000070b800000, 0x000000070ba00000|  0%| F|  |TAMS 0x000000070b800000, 0x000000070b800000| Untracked 
|  80|0x000000070ba00000, 0x000000070ba00000, 0x000000070bc00000|  0%| F|  |TAMS 0x000000070ba00000, 0x000000070ba00000| Untracked 
|  81|0x000000070bc00000, 0x000000070bc00000, 0x000000070be00000|  0%| F|  |TAMS 0x000000070bc00000, 0x000000070bc00000| Untracked 
|  82|0x000000070be00000, 0x000000070be00000, 0x000000070c000000|  0%| F|  |TAMS 0x000000070be00000, 0x000000070be00000| Untracked 
|  83|0x000000070c000000, 0x000000070c000000, 0x000000070c200000|  0%| F|  |TAMS 0x000000070c000000, 0x000000070c000000| Untracked 
|  84|0x000000070c200000, 0x000000070c200000, 0x000000070c400000|  0%| F|  |TAMS 0x000000070c200000, 0x000000070c200000| Untracked 
|  85|0x000000070c400000, 0x000000070c400000, 0x000000070c600000|  0%| F|  |TAMS 0x000000070c400000, 0x000000070c400000| Untracked 
|  86|0x000000070c600000, 0x000000070c600000, 0x000000070c800000|  0%| F|  |TAMS 0x000000070c600000, 0x000000070c600000| Untracked 
|  87|0x000000070c800000, 0x000000070c800000, 0x000000070ca00000|  0%| F|  |TAMS 0x000000070c800000, 0x000000070c800000| Untracked 
|  88|0x000000070ca00000, 0x000000070ca00000, 0x000000070cc00000|  0%| F|  |TAMS 0x000000070ca00000, 0x000000070ca00000| Untracked 
|  89|0x000000070cc00000, 0x000000070cc00000, 0x000000070ce00000|  0%| F|  |TAMS 0x000000070cc00000, 0x000000070cc00000| Untracked 
|  90|0x000000070ce00000, 0x000000070ce00000, 0x000000070d000000|  0%| F|  |TAMS 0x000000070ce00000, 0x000000070ce00000| Untracked 
|  91|0x000000070d000000, 0x000000070d000000, 0x000000070d200000|  0%| F|  |TAMS 0x000000070d000000, 0x000000070d000000| Untracked 
|  92|0x000000070d200000, 0x000000070d200000, 0x000000070d400000|  0%| F|  |TAMS 0x000000070d200000, 0x000000070d200000| Untracked 
|  93|0x000000070d400000, 0x000000070d400000, 0x000000070d600000|  0%| F|  |TAMS 0x000000070d400000, 0x000000070d400000| Untracked 
|  94|0x000000070d600000, 0x000000070d600000, 0x000000070d800000|  0%| F|  |TAMS 0x000000070d600000, 0x000000070d600000| Untracked 
|  95|0x000000070d800000, 0x000000070d800000, 0x000000070da00000|  0%| F|  |TAMS 0x000000070d800000, 0x000000070d800000| Untracked 
|  96|0x000000070da00000, 0x000000070da00000, 0x000000070dc00000|  0%| F|  |TAMS 0x000000070da00000, 0x000000070da00000| Untracked 
|  97|0x000000070dc00000, 0x000000070dc00000, 0x000000070de00000|  0%| F|  |TAMS 0x000000070dc00000, 0x000000070dc00000| Untracked 
|  98|0x000000070de00000, 0x000000070de00000, 0x000000070e000000|  0%| F|  |TAMS 0x000000070de00000, 0x000000070de00000| Untracked 
|  99|0x000000070e000000, 0x000000070e000000, 0x000000070e200000|  0%| F|  |TAMS 0x000000070e000000, 0x000000070e000000| Untracked 
| 100|0x000000070e200000, 0x000000070e200000, 0x000000070e400000|  0%| F|  |TAMS 0x000000070e200000, 0x000000070e200000| Untracked 
| 101|0x000000070e400000, 0x000000070e400000, 0x000000070e600000|  0%| F|  |TAMS 0x000000070e400000, 0x000000070e400000| Untracked 
| 102|0x000000070e600000, 0x000000070e600000, 0x000000070e800000|  0%| F|  |TAMS 0x000000070e600000, 0x000000070e600000| Untracked 
| 103|0x000000070e800000, 0x000000070e800000, 0x000000070ea00000|  0%| F|  |TAMS 0x000000070e800000, 0x000000070e800000| Untracked 
| 104|0x000000070ea00000, 0x000000070ea00000, 0x000000070ec00000|  0%| F|  |TAMS 0x000000070ea00000, 0x000000070ea00000| Untracked 
| 105|0x000000070ec00000, 0x000000070ec00000, 0x000000070ee00000|  0%| F|  |TAMS 0x000000070ec00000, 0x000000070ec00000| Untracked 
| 106|0x000000070ee00000, 0x000000070ee00000, 0x000000070f000000|  0%| F|  |TAMS 0x000000070ee00000, 0x000000070ee00000| Untracked 
| 107|0x000000070f000000, 0x000000070f000000, 0x000000070f200000|  0%| F|  |TAMS 0x000000070f000000, 0x000000070f000000| Untracked 
| 108|0x000000070f200000, 0x000000070f200000, 0x000000070f400000|  0%| F|  |TAMS 0x000000070f200000, 0x000000070f200000| Untracked 
| 109|0x000000070f400000, 0x000000070f400000, 0x000000070f600000|  0%| F|  |TAMS 0x000000070f400000, 0x000000070f400000| Untracked 
| 110|0x000000070f600000, 0x000000070f600000, 0x000000070f800000|  0%| F|  |TAMS 0x000000070f600000, 0x000000070f600000| Untracked 
| 111|0x000000070f800000, 0x000000070f800000, 0x000000070fa00000|  0%| F|  |TAMS 0x000000070f800000, 0x000000070f800000| Untracked 
| 112|0x000000070fa00000, 0x000000070fa00000, 0x000000070fc00000|  0%| F|  |TAMS 0x000000070fa00000, 0x000000070fa00000| Untracked 
| 113|0x000000070fc00000, 0x000000070fc00000, 0x000000070fe00000|  0%| F|  |TAMS 0x000000070fc00000, 0x000000070fc00000| Untracked 
| 114|0x000000070fe00000, 0x000000070fe00000, 0x0000000710000000|  0%| F|  |TAMS 0x000000070fe00000, 0x000000070fe00000| Untracked 
| 115|0x0000000710000000, 0x0000000710000000, 0x0000000710200000|  0%| F|  |TAMS 0x0000000710000000, 0x0000000710000000| Untracked 
| 116|0x0000000710200000, 0x0000000710200000, 0x0000000710400000|  0%| F|  |TAMS 0x0000000710200000, 0x0000000710200000| Untracked 
| 117|0x0000000710400000, 0x0000000710400000, 0x0000000710600000|  0%| F|  |TAMS 0x0000000710400000, 0x0000000710400000| Untracked 
| 118|0x0000000710600000, 0x0000000710600000, 0x0000000710800000|  0%| F|  |TAMS 0x0000000710600000, 0x0000000710600000| Untracked 
| 119|0x0000000710800000, 0x0000000710800000, 0x0000000710a00000|  0%| F|  |TAMS 0x0000000710800000, 0x0000000710800000| Untracked 
| 120|0x0000000710a00000, 0x0000000710a00000, 0x0000000710c00000|  0%| F|  |TAMS 0x0000000710a00000, 0x0000000710a00000| Untracked 
| 121|0x0000000710c00000, 0x0000000710c00000, 0x0000000710e00000|  0%| F|  |TAMS 0x0000000710c00000, 0x0000000710c00000| Untracked 
| 122|0x0000000710e00000, 0x0000000710e00000, 0x0000000711000000|  0%| F|  |TAMS 0x0000000710e00000, 0x0000000710e00000| Untracked 
| 123|0x0000000711000000, 0x0000000711000000, 0x0000000711200000|  0%| F|  |TAMS 0x0000000711000000, 0x0000000711000000| Untracked 
| 124|0x0000000711200000, 0x0000000711200000, 0x0000000711400000|  0%| F|  |TAMS 0x0000000711200000, 0x0000000711200000| Untracked 
| 125|0x0000000711400000, 0x00000007114e1cd0, 0x0000000711600000| 44%| E|  |TAMS 0x0000000711400000, 0x0000000711400000| Complete 
| 126|0x0000000711600000, 0x0000000711800000, 0x0000000711800000|100%| E|CS|TAMS 0x0000000711600000, 0x0000000711600000| Complete 
| 127|0x0000000711800000, 0x0000000711a00000, 0x0000000711a00000|100%| E|CS|TAMS 0x0000000711800000, 0x0000000711800000| Complete 

Card table byte_map: [0x000001b5198f0000,0x000001b51a0f0000] _byte_map_base: 0x000001b5160e3000

Marking Bits (Prev, Next): (CMBitMap*) 0x000001b50675aee0, (CMBitMap*) 0x000001b50675af20
 Prev Bits: [0x000001b51a8f0000, 0x000001b51e888000)
 Next Bits: [0x000001b51e890000, 0x000001b522828000)

Polling page: 0x000001b505eb0000

Metaspace:

Usage:
  Non-class:      5.72 MB used.
      Class:    486.73 KB used.
       Both:      6.20 MB used.

Virtual space:
  Non-class space:       64.00 MB reserved,       5.75 MB (  9%) committed,  1 nodes.
      Class space:        1.00 GB reserved,     512.00 KB ( <1%) committed,  1 nodes.
             Both:        1.06 GB reserved,       6.25 MB ( <1%) committed. 

Chunk freelists:
   Non-Class:  10.08 MB
       Class:  15.52 MB
        Both:  25.59 MB

MaxMetaspaceSize: unlimited
CompressedClassSpaceSize: 1.00 GB
Initial GC threshold: 21.00 MB
Current GC threshold: 21.00 MB
CDS: off
MetaspaceReclaimPolicy: balanced
 - commit_granule_bytes: 65536.
 - commit_granule_words: 8192.
 - virtual_space_node_default_size: 8388608.
 - enlarge_chunks_in_place: 1.
 - new_chunks_are_fully_committed: 0.
 - uncommit_free_chunks: 1.
 - use_allocation_guard: 0.
 - handle_deallocations: 1.


Internal statistics:

num_allocs_failed_limit: 0.
num_arena_births: 4.
num_arena_deaths: 0.
num_vsnodes_births: 2.
num_vsnodes_deaths: 0.
num_space_committed: 98.
num_space_uncommitted: 0.
num_chunks_returned_to_freelist: 0.
num_chunks_taken_from_freelist: 40.
num_chunk_merges: 0.
num_chunk_splits: 27.
num_chunks_enlarged: 22.
num_inconsistent_stats: 0.

CodeHeap 'non-profiled nmethods': size=120000Kb used=68Kb max_used=68Kb free=119931Kb
 bounds [0x000001b511890000, 0x000001b511b00000, 0x000001b518dc0000]
CodeHeap 'profiled nmethods': size=120000Kb used=481Kb max_used=481Kb free=119519Kb
 bounds [0x000001b509dc0000, 0x000001b50a030000, 0x000001b5112f0000]
CodeHeap 'non-nmethods': size=5760Kb used=1127Kb max_used=1141Kb free=4633Kb
 bounds [0x000001b5112f0000, 0x000001b511560000, 0x000001b511890000]
 total_blobs=731 nmethods=320 adapters=324
 compilation: enabled
              stopped_count=0, restarted_count=0
 full_count=0

Compilation events (20 events):
Event: 0.658 Thread 0x000001b525371260 nmethod 311 0x000001b509e37190 code [0x000001b509e37340, 0x000001b509e375c8]
Event: 0.658 Thread 0x000001b525371260  312       3       java.util.HashMap::containsKey (14 bytes)
Event: 0.659 Thread 0x000001b525371260 nmethod 312 0x000001b509e37690 code [0x000001b509e37840, 0x000001b509e379e8]
Event: 0.663 Thread 0x000001b5253703a0 nmethod 310 0x000001b51189f110 code [0x000001b51189f2e0, 0x000001b51189f718]
Event: 0.665 Thread 0x000001b5253703a0  313       4       java.lang.StringLatin1::equals (36 bytes)
Event: 0.671 Thread 0x000001b5253703a0 nmethod 313 0x000001b51189fc10 code [0x000001b51189fd80, 0x000001b51189ff38]
Event: 0.672 Thread 0x000001b5253703a0  314       4       java.util.concurrent.atomic.AtomicLong::compareAndSet (13 bytes)
Event: 0.673 Thread 0x000001b5253703a0 nmethod 314 0x000001b5118a0010 code [0x000001b5118a0180, 0x000001b5118a0218]
Event: 0.673 Thread 0x000001b5253703a0  315       4       java.util.concurrent.atomic.AtomicLong::addAndGet (14 bytes)
Event: 0.673 Thread 0x000001b5253703a0 nmethod 315 0x000001b5118a0310 code [0x000001b5118a0480, 0x000001b5118a0518]
Event: 0.673 Thread 0x000001b5253703a0  316       4       java.util.concurrent.atomic.AtomicLong::incrementAndGet (14 bytes)
Event: 0.674 Thread 0x000001b5253703a0 nmethod 316 0x000001b5118a0610 code [0x000001b5118a0780, 0x000001b5118a0818]
Event: 0.675 Thread 0x000001b5253703a0  317       4       java.nio.charset.CharsetEncoder::implReset (1 bytes)
Event: 0.675 Thread 0x000001b5253703a0 nmethod 317 0x000001b5118a0910 code [0x000001b5118a0a80, 0x000001b5118a0af8]
Event: 0.679 Thread 0x000001b5253703a0  318       4       org.lwjgl.MemoryUtil$CharSequenceNT::length (12 bytes)
Event: 0.680 Thread 0x000001b5253703a0 nmethod 318 0x000001b5118a0c10 code [0x000001b5118a0da0, 0x000001b5118a0e78]
Event: 0.687 Thread 0x000001b525371260  319       3       java.lang.String::equalsIgnoreCase (45 bytes)
Event: 0.688 Thread 0x000001b525371260 nmethod 319 0x000001b509e37a90 code [0x000001b509e37c80, 0x000001b509e381e8]
Event: 0.690 Thread 0x000001b5253703a0  320       4       java.nio.Buffer::position (52 bytes)
Event: 0.691 Thread 0x000001b5253703a0 nmethod 320 0x000001b5118a0f90 code [0x000001b5118a1100, 0x000001b5118a11d8]

GC Heap History (0 events):
No events

Dll operation events (6 events):
Event: 0.013 Loaded shared library C:\Users\MartyVlogs\.p2\pool\plugins\org.eclipse.justj.openjdk.hotspot.jre.full.win32.x86_64_17.0.10.v20240120-1143\jre\bin\java.dll
Event: 0.164 Loaded shared library C:\Users\MartyVlogs\.p2\pool\plugins\org.eclipse.justj.openjdk.hotspot.jre.full.win32.x86_64_17.0.10.v20240120-1143\jre\bin\net.dll
Event: 0.167 Loaded shared library C:\Users\MartyVlogs\.p2\pool\plugins\org.eclipse.justj.openjdk.hotspot.jre.full.win32.x86_64_17.0.10.v20240120-1143\jre\bin\nio.dll
Event: 0.174 Loaded shared library C:\Users\MartyVlogs\.p2\pool\plugins\org.eclipse.justj.openjdk.hotspot.jre.full.win32.x86_64_17.0.10.v20240120-1143\jre\bin\zip.dll
Event: 0.185 Loaded shared library C:\Users\MartyVlogs\.p2\pool\plugins\org.eclipse.justj.openjdk.hotspot.jre.full.win32.x86_64_17.0.10.v20240120-1143\jre\bin\verify.dll
Event: 0.207 Loaded shared library C:\Users\MartyVlogs\.p2\pool\plugins\org.eclipse.justj.openjdk.hotspot.jre.full.win32.x86_64_17.0.10.v20240120-1143\jre\bin\lwjgl64.dll

Deoptimization events (0 events):
No events

Classes unloaded (0 events):
No events

Classes redefined (0 events):
No events

Internal exceptions (0 events):
No events

VM Operations (4 events):
Event: 0.181 Executing VM operation: HandshakeAllThreads
Event: 0.181 Executing VM operation: HandshakeAllThreads done
Event: 0.199 Executing VM operation: HandshakeAllThreads
Event: 0.199 Executing VM operation: HandshakeAllThreads done

Events (20 events):
Event: 0.689 loading class java/util/regex/Pattern$Start
Event: 0.689 loading class java/util/regex/Pattern$Start done
Event: 0.689 loading class java/util/regex/Pattern$TreeInfo
Event: 0.689 loading class java/util/regex/Pattern$TreeInfo done
Event: 0.689 loading class java/util/ArrayList$Itr
Event: 0.689 loading class java/util/ArrayList$Itr done
Event: 0.689 loading class java/util/regex/Matcher
Event: 0.690 loading class java/util/regex/MatchResult
Event: 0.690 loading class java/util/regex/MatchResult done
Event: 0.690 loading class java/util/regex/Matcher done
Event: 0.690 loading class java/util/regex/IntHashSet
Event: 0.690 loading class java/util/regex/IntHashSet done
Event: 0.713 loading class jdk/internal/module/Resources
Event: 0.713 loading class jdk/internal/module/Resources done
Event: 0.713 loading class jdk/internal/loader/BuiltinClassLoader$2
Event: 0.713 loading class jdk/internal/loader/BuiltinClassLoader$2 done
Event: 0.713 loading class jdk/internal/loader/BuiltinClassLoader$5
Event: 0.713 loading class jdk/internal/loader/BuiltinClassLoader$5 done
Event: 0.713 loading class jdk/internal/module/SystemModuleFinders$SystemModuleReader
Event: 0.713 loading class java/lang/module/ModuleReader


Dynamic libraries:
0x00007ff7a8d20000 - 0x00007ff7a8d2e000 	C:\Users\MartyVlogs\.p2\pool\plugins\org.eclipse.justj.openjdk.hotspot.jre.full.win32.x86_64_17.0.10.v20240120-1143\jre\bin\javaw.exe
0x00007ff95a070000 - 0x00007ff95a268000 	C:\WINDOWS\SYSTEM32\ntdll.dll
0x00007ff951920000 - 0x00007ff95193a000 	C:\Program Files\AVG\Antivirus\aswhook.dll
0x00007ff9587f0000 - 0x00007ff9588ad000 	C:\WINDOWS\System32\KERNEL32.DLL
0x00007ff957990000 - 0x00007ff957c86000 	C:\WINDOWS\System32\KERNELBASE.dll
0x00007ff957d30000 - 0x00007ff957e30000 	C:\WINDOWS\System32\ucrtbase.dll
0x00007ff946c50000 - 0x00007ff946c67000 	C:\Users\MartyVlogs\.p2\pool\plugins\org.eclipse.justj.openjdk.hotspot.jre.full.win32.x86_64_17.0.10.v20240120-1143\jre\bin\jli.dll
0x00007ff94a6a0000 - 0x00007ff94a6bb000 	C:\Users\MartyVlogs\.p2\pool\plugins\org.eclipse.justj.openjdk.hotspot.jre.full.win32.x86_64_17.0.10.v20240120-1143\jre\bin\VCRUNTIME140.dll
0x00007ff959900000 - 0x00007ff959a9e000 	C:\WINDOWS\System32\USER32.dll
0x00007ff957e30000 - 0x00007ff957e52000 	C:\WINDOWS\System32\win32u.dll
0x00007ff940710000 - 0x00007ff9409aa000 	C:\WINDOWS\WinSxS\amd64_microsoft.windows.common-controls_6595b64144ccf1df_6.0.19041.3636_none_60b6a03d71f818d5\COMCTL32.dll
0x00007ff958940000 - 0x00007ff9589de000 	C:\WINDOWS\System32\msvcrt.dll
0x00007ff958480000 - 0x00007ff9584ac000 	C:\WINDOWS\System32\GDI32.dll
0x00007ff957e60000 - 0x00007ff957f7a000 	C:\WINDOWS\System32\gdi32full.dll
0x00007ff957c90000 - 0x00007ff957d2d000 	C:\WINDOWS\System32\msvcp_win.dll
0x00007ff959aa0000 - 0x00007ff959ad0000 	C:\WINDOWS\System32\IMM32.DLL
0x00007ff950150000 - 0x00007ff95015c000 	C:\Users\MartyVlogs\.p2\pool\plugins\org.eclipse.justj.openjdk.hotspot.jre.full.win32.x86_64_17.0.10.v20240120-1143\jre\bin\vcruntime140_1.dll
0x00007ff92f370000 - 0x00007ff92f3fd000 	C:\Users\MartyVlogs\.p2\pool\plugins\org.eclipse.justj.openjdk.hotspot.jre.full.win32.x86_64_17.0.10.v20240120-1143\jre\bin\msvcp140.dll
0x00007ff909ed0000 - 0x00007ff90ab32000 	C:\Users\MartyVlogs\.p2\pool\plugins\org.eclipse.justj.openjdk.hotspot.jre.full.win32.x86_64_17.0.10.v20240120-1143\jre\bin\server\jvm.dll
0x00007ff959f70000 - 0x00007ff95a01f000 	C:\WINDOWS\System32\ADVAPI32.dll
0x00007ff9591e0000 - 0x00007ff95927c000 	C:\WINDOWS\System32\sechost.dll
0x00007ff958660000 - 0x00007ff958786000 	C:\WINDOWS\System32\RPCRT4.dll
0x00007ff9570f0000 - 0x00007ff95713b000 	C:\WINDOWS\SYSTEM32\POWRPROF.dll
0x00007ff9553e0000 - 0x00007ff9553e9000 	C:\WINDOWS\SYSTEM32\WSOCK32.dll
0x00007ff953690000 - 0x00007ff95369a000 	C:\WINDOWS\SYSTEM32\VERSION.dll
0x00007ff945640000 - 0x00007ff945667000 	C:\WINDOWS\SYSTEM32\WINMM.dll
0x00007ff9585f0000 - 0x00007ff95865b000 	C:\WINDOWS\System32\WS2_32.dll
0x00007ff9570d0000 - 0x00007ff9570e2000 	C:\WINDOWS\SYSTEM32\UMPDC.dll
0x00007ff954f30000 - 0x00007ff954f42000 	C:\WINDOWS\SYSTEM32\kernel.appcore.dll
0x00007ff9553d0000 - 0x00007ff9553da000 	C:\Users\MartyVlogs\.p2\pool\plugins\org.eclipse.justj.openjdk.hotspot.jre.full.win32.x86_64_17.0.10.v20240120-1143\jre\bin\jimage.dll
0x00007ff951410000 - 0x00007ff9515f4000 	C:\WINDOWS\SYSTEM32\DBGHELP.DLL
0x00007ff9513d0000 - 0x00007ff951404000 	C:\WINDOWS\SYSTEM32\dbgcore.DLL
0x00007ff957fd0000 - 0x00007ff958052000 	C:\WINDOWS\System32\bcryptPrimitives.dll
0x00007ff947710000 - 0x00007ff947735000 	C:\Users\MartyVlogs\.p2\pool\plugins\org.eclipse.justj.openjdk.hotspot.jre.full.win32.x86_64_17.0.10.v20240120-1143\jre\bin\java.dll
0x00007ff94f740000 - 0x00007ff94f758000 	C:\Users\MartyVlogs\.p2\pool\plugins\org.eclipse.justj.openjdk.hotspot.jre.full.win32.x86_64_17.0.10.v20240120-1143\jre\bin\zip.dll
0x00007ff9589e0000 - 0x00007ff959125000 	C:\WINDOWS\System32\SHELL32.dll
0x00007ff955830000 - 0x00007ff955fcb000 	C:\WINDOWS\SYSTEM32\windows.storage.dll
0x00007ff959c10000 - 0x00007ff959f64000 	C:\WINDOWS\System32\combase.dll
0x00007ff957190000 - 0x00007ff9571bd000 	C:\WINDOWS\SYSTEM32\Wldp.dll
0x00007ff959130000 - 0x00007ff9591dd000 	C:\WINDOWS\System32\SHCORE.dll
0x00007ff959280000 - 0x00007ff9592d5000 	C:\WINDOWS\System32\shlwapi.dll
0x00007ff957680000 - 0x00007ff9576a5000 	C:\WINDOWS\SYSTEM32\profapi.dll
0x00007ff94f040000 - 0x00007ff94f059000 	C:\Users\MartyVlogs\.p2\pool\plugins\org.eclipse.justj.openjdk.hotspot.jre.full.win32.x86_64_17.0.10.v20240120-1143\jre\bin\net.dll
0x00007ff9507c0000 - 0x00007ff9508ca000 	C:\WINDOWS\SYSTEM32\WINHTTP.dll
0x00007ff956e80000 - 0x00007ff956eea000 	C:\WINDOWS\system32\mswsock.dll
0x00007ff946e30000 - 0x00007ff946e46000 	C:\Users\MartyVlogs\.p2\pool\plugins\org.eclipse.justj.openjdk.hotspot.jre.full.win32.x86_64_17.0.10.v20240120-1143\jre\bin\nio.dll
0x00007ff9553b0000 - 0x00007ff9553c0000 	C:\Users\MartyVlogs\.p2\pool\plugins\org.eclipse.justj.openjdk.hotspot.jre.full.win32.x86_64_17.0.10.v20240120-1143\jre\bin\verify.dll
0x0000000180000000 - 0x0000000180053000 	C:\Users\MartyVlogs\.p2\pool\plugins\org.eclipse.justj.openjdk.hotspot.jre.full.win32.x86_64_17.0.10.v20240120-1143\jre\bin\lwjgl64.dll
0x00007ff936970000 - 0x00007ff936a95000 	C:\WINDOWS\SYSTEM32\OPENGL32.dll
0x00007ff942800000 - 0x00007ff94282c000 	C:\WINDOWS\SYSTEM32\GLU32.dll
0x00007ff952b70000 - 0x00007ff952c1e000 	C:\WINDOWS\SYSTEM32\mscms.dll
0x00007ff952b50000 - 0x00007ff952b61000 	C:\WINDOWS\SYSTEM32\ColorAdapterClient.dll
0x00007ff957640000 - 0x00007ff95766e000 	C:\WINDOWS\SYSTEM32\USERENV.dll
0x00007ff9593c0000 - 0x00007ff95948d000 	C:\WINDOWS\System32\OLEAUT32.dll
0x00007ff958310000 - 0x00007ff9583b9000 	C:\WINDOWS\System32\clbcatq.dll
0x00007ff939210000 - 0x00007ff939253000 	C:\Windows\System32\Windows.Internal.Graphics.Display.DisplayColorManagement.dll
0x00007ff957f80000 - 0x00007ff957fce000 	C:\WINDOWS\System32\cfgmgr32.dll
0x00007ff9554b0000 - 0x00007ff95554e000 	C:\WINDOWS\system32\uxtheme.dll
0x00007ff959af0000 - 0x00007ff959c04000 	C:\WINDOWS\System32\MSCTF.dll
0x00007ff94b820000 - 0x00007ff94b922000 	C:\Windows\System32\AppXDeploymentClient.dll
0x00007ff8fbe90000 - 0x00007ff90011a000 	C:\WINDOWS\System32\DriverStore\FileRepository\nv_dispig.inf_amd64_7e5fd280efaa5445\nvoglv64.dll
0x00007ff959490000 - 0x00007ff9598fe000 	C:\WINDOWS\System32\SETUPAPI.dll
0x00007ff957750000 - 0x00007ff957777000 	C:\WINDOWS\System32\bcrypt.dll
0x00007ff9584c0000 - 0x00007ff9585eb000 	C:\WINDOWS\System32\ole32.dll
0x00007ff9516d0000 - 0x00007ff9516e4000 	C:\WINDOWS\SYSTEM32\WTSAPI32.dll
0x00007ff957320000 - 0x00007ff957332000 	C:\WINDOWS\SYSTEM32\msasn1.dll
0x00007ff94dbb0000 - 0x00007ff94dbe1000 	C:\WINDOWS\SYSTEM32\cryptnet.dll
0x00007ff957830000 - 0x00007ff95798d000 	C:\WINDOWS\System32\CRYPT32.dll
0x00007ff942520000 - 0x00007ff942668000 	C:\WINDOWS\SYSTEM32\drvstore.dll
0x00007ff9574e0000 - 0x00007ff957513000 	C:\WINDOWS\SYSTEM32\devobj.dll
0x00007ff957070000 - 0x00007ff95707c000 	C:\WINDOWS\SYSTEM32\cryptbase.dll
0x00007ff958060000 - 0x00007ff9580c7000 	C:\WINDOWS\System32\WINTRUST.dll
0x00007ff956870000 - 0x00007ff9568a3000 	C:\WINDOWS\SYSTEM32\ntmarta.dll
0x00007ff951960000 - 0x00007ff95199b000 	C:\WINDOWS\SYSTEM32\dxcore.dll
0x00007ff955590000 - 0x00007ff9555bf000 	C:\WINDOWS\SYSTEM32\dwmapi.dll
0x00007ff9508f0000 - 0x00007ff9509e9000 	C:\WINDOWS\SYSTEM32\textinputframework.dll
0x00007ff954ad0000 - 0x00007ff954e2b000 	C:\WINDOWS\System32\CoreUIComponents.dll
0x00007ff954e30000 - 0x00007ff954f22000 	C:\WINDOWS\System32\CoreMessaging.dll
0x00007ff954400000 - 0x00007ff954555000 	C:\WINDOWS\SYSTEM32\wintypes.dll
0x00007ff951680000 - 0x00007ff9516c3000 	C:\WINDOWS\SYSTEM32\icm32.dll
0x00007ff956d70000 - 0x00007ff956dcb000 	C:\WINDOWS\SYSTEM32\WINSTA.dll

dbghelp: loaded successfully - version: 4.0.5 - missing functions: none
symbol engine: initialized successfully - sym options: 0x614 - pdb path: .;C:\Users\MartyVlogs\.p2\pool\plugins\org.eclipse.justj.openjdk.hotspot.jre.full.win32.x86_64_17.0.10.v20240120-1143\jre\bin;C:\WINDOWS\SYSTEM32;C:\Program Files\AVG\Antivirus;C:\WINDOWS\WinSxS\amd64_microsoft.windows.common-controls_6595b64144ccf1df_6.0.19041.3636_none_60b6a03d71f818d5;C:\Users\MartyVlogs\.p2\pool\plugins\org.eclipse.justj.openjdk.hotspot.jre.full.win32.x86_64_17.0.10.v20240120-1143\jre\bin\server;C:\WINDOWS\System32\DriverStore\FileRepository\nv_dispig.inf_amd64_7e5fd280efaa5445

VM Arguments:
jvm_args: -Djava.library.path=C:\Users\MartyVlogs\Documents\lwjgl\nat -Dfile.encoding=UTF-8 -Dstdout.encoding=UTF-8 -Dstderr.encoding=UTF-8 -XX:+ShowCodeDetailsInExceptionMessages 
java_command: minezomboid.Main
java_class_path (initial): H:\Salad\Games\Minecraft\MCP22\mcp090\retromcp\MineZomboid\bin;C:\Users\MartyVlogs\Documents\lwjgl\AppleJavaExtensions.jar;C:\Users\MartyVlogs\Documents\lwjgl\asm-debug-all.jar;C:\Users\MartyVlogs\Documents\lwjgl\jinput.jar;C:\Users\MartyVlogs\Documents\lwjgl\laf-plugin-7.2.1.jar;C:\Users\MartyVlogs\Documents\lwjgl\laf-widget-7.2.1.jar;C:\Users\MartyVlogs\Documents\lwjgl\log4j-api-2.0-beta9.jar;C:\Users\MartyVlogs\Documents\lwjgl\lwjgl.jar;C:\Users\MartyVlogs\Documents\lwjgl\lwjgl_test.jar;C:\Users\MartyVlogs\Documents\lwjgl\lwjgl_util.jar;C:\Users\MartyVlogs\Documents\lwjgl\lwjgl_util_applet.jar;C:\Users\MartyVlogs\Documents\lwjgl\lwjgl-debug.jar;C:\Users\MartyVlogs\Documents\lwjgl\lzma.jar;C:\Users\MartyVlogs\Documents\lwjgl\substance-7.2.1.jar;C:\Users\MartyVlogs\Documents\lwjgl\trident-7.2.1.jar;H:\Salad\Games\Minecraft\MCP22\mcp090\retromcp\MineZomboid\add\Textures.jar
Launcher Type: SUN_STANDARD

[Global flags]
     intx CICompilerCount                          = 4                                         {product} {ergonomic}
     uint ConcGCThreads                            = 2                                         {product} {ergonomic}
     uint G1ConcRefinementThreads                  = 8                                         {product} {ergonomic}
   size_t G1HeapRegionSize                         = 2097152                                   {product} {ergonomic}
    uintx GCDrainStackTargetSize                   = 64                                        {product} {ergonomic}
   size_t InitialHeapSize                          = 268435456                                 {product} {ergonomic}
   size_t MarkStackSize                            = 4194304                                   {product} {ergonomic}
   size_t MaxHeapSize                              = 4267704320                                {product} {ergonomic}
   size_t MaxNewSize                               = 2560622592                                {product} {ergonomic}
   size_t MinHeapDeltaBytes                        = 2097152                                   {product} {ergonomic}
   size_t MinHeapSize                              = 8388608                                   {product} {ergonomic}
    uintx NonNMethodCodeHeapSize                   = 5839372                                {pd product} {ergonomic}
    uintx NonProfiledCodeHeapSize                  = 122909434                              {pd product} {ergonomic}
    uintx ProfiledCodeHeapSize                     = 122909434                              {pd product} {ergonomic}
    uintx ReservedCodeCacheSize                    = 251658240                              {pd product} {ergonomic}
     bool SegmentedCodeCache                       = true                                      {product} {ergonomic}
     bool ShowCodeDetailsInExceptionMessages       = true                                   {manageable} {command line}
   size_t SoftMaxHeapSize                          = 4267704320                             {manageable} {ergonomic}
     bool UseCompressedClassPointers               = true                           {product lp64_product} {ergonomic}
     bool UseCompressedOops                        = true                           {product lp64_product} {ergonomic}
     bool UseG1GC                                  = true                                      {product} {ergonomic}
     bool UseLargePagesIndividualAllocation        = false                                  {pd product} {ergonomic}

Logging:
Log output configuration:
 #0: stdout all=warning uptime,level,tags
 #1: stderr all=off uptime,level,tags

Environment Variables:
PATH=C:/Users/MartyVlogs/.p2/pool/plugins/org.eclipse.justj.openjdk.hotspot.jre.full.win32.x86_64_17.0.10.v20240120-1143/jre/bin/server;C:/Users/MartyVlogs/.p2/pool/plugins/org.eclipse.justj.openjdk.hotspot.jre.full.win32.x86_64_17.0.10.v20240120-1143/jre/bin;C:\Program Files\Common Files\Oracle\Java\javapath;C:\Program Files (x86)\Common Files\Oracle\Java\java8path;C:\Program Files (x86)\Common Files\Oracle\Java\javapath;C:\WINDOWS\system32;C:\WINDOWS;C:\WINDOWS\System32\Wbem;C:\WINDOWS\System32\WindowsPowerShell\v1.0\;C:\WINDOWS\System32\OpenSSH\;C:\Users\MartyVlogs\AppData\Local\Microsoft\WindowsApps;;C:\WINDOWS\System32;
USERNAME=MartyVlogs
OS=Windows_NT
PROCESSOR_IDENTIFIER=Intel64 Family 6 Model 42 Stepping 7, GenuineIntel
TMP=C:\Users\MARTYV~1\AppData\Local\Temp
TEMP=C:\Users\MARTYV~1\AppData\Local\Temp



Periodic native trim disabled


---------------  S Y S T E M  ---------------

OS:
 Windows 10 , 64 bit Build 19041 (10.0.19041.3636)
OS uptime: 2 days 0:32 hours

CPU: total 8 (initial active 8) (4 cores per cpu, 2 threads per core) family 6 model 42 stepping 7 microcode 0x2f, cx8, cmov, fxsr, ht, mmx, sse, sse2, sse3, ssse3, sse4.1, sse4.2, popcnt, tsc, tscinvbit, avx, aes, clmul, vzeroupper, clflush
Processor Information for all 8 processors :
  Max Mhz: 3401, Current Mhz: 3401, Mhz Limit: 3401

Memory: 4k page, system-wide physical 16277M (6737M free)
TotalPageFile size 31389M (AvailPageFile size 11M)
current process WorkingSet (physical memory assigned to process): 72M, peak: 72M
current process commit charge ("private bytes"): 384M, peak: 384M

vm_info: OpenJDK 64-Bit Server VM (17.0.10+7) for windows-amd64 JRE (17.0.10+7), built on Jan 16 2024 23:25:11 by "admin" with MS VC++ 16.10 / 16.11 (VS2019)

END.
