#
# There is insufficient memory for the Java Runtime Environment to continue.
# Native memory allocation (mmap) failed to map 268435456 bytes for G1 virtual space
# Possible reasons:
#   The system is out of physical RAM or swap space
#   The process is running with CompressedOops enabled, and the Java Heap may be blocking the growth of the native heap
# Possible solutions:
#   Reduce memory load on the system
#   Increase physical memory or swap space
#   Check if swap backing store is full
#   Decrease Java heap size (-Xmx/-Xms)
#   Decrease number of Java threads
#   Decrease Java thread stack sizes (-Xss)
#   Set larger code cache with -XX:ReservedCodeCacheSize=
#   JVM is running with Zero Based Compressed Oops mode in which the Java heap is
#     placed in the first 32GB address space. The Java Heap base address is the
#     maximum limit for the native heap growth. Please use -XX:HeapBaseMinAddress
#     to set the Java Heap base and to place the Java Heap above 32GB virtual address.
# This output file may be truncated or incomplete.
#
#  Out of Memory Error (os_windows.cpp:3613), pid=9732, tid=556
#
# JRE version:  (17.0.10+7) (build )
# Java VM: OpenJDK 64-Bit Server VM (17.0.10+7, mixed mode, sharing, tiered, compressed oops, compressed class ptrs, g1 gc, windows-amd64)
# No core dump will be written. Minidumps are not enabled by default on client versions of Windows
#

---------------  S U M M A R Y ------------

Command Line: -Djava.library.path=C:\Users\MartyVlogs\Documents\lwjgl\nat -Dfile.encoding=UTF-8 -Dstdout.encoding=UTF-8 -Dstderr.encoding=UTF-8 -XX:+ShowCodeDetailsInExceptionMessages minezomboid.Main

Host: Intel(R) Core(TM) i7-2600K CPU @ 3.40GHz, 8 cores, 15G,  Windows 10 , 64 bit Build 19041 (10.0.19041.3636)
Time: Wed Jul 10 08:44:18 2024 Pacific Daylight Time elapsed time: 0.035054 seconds (0d 0h 0m 0s)

---------------  T H R E A D  ---------------

Current thread (0x00000266275ed6b0):  JavaThread "Unknown thread" [_thread_in_vm, id=556, stack(0x0000009ae0b00000,0x0000009ae0c00000)]

Stack: [0x0000009ae0b00000,0x0000009ae0c00000]
Native frames: (J=compiled Java code, j=interpreted, Vv=VM code, C=native code)
V  [jvm.dll+0x67d2c9]
V  [jvm.dll+0x834afa]
V  [jvm.dll+0x8365be]
V  [jvm.dll+0x836c23]
V  [jvm.dll+0x2477ff]
V  [jvm.dll+0x67a109]
V  [jvm.dll+0x66eb7a]
V  [jvm.dll+0x30764b]
V  [jvm.dll+0x30eaf6]
V  [jvm.dll+0x35e83e]
V  [jvm.dll+0x35ea6f]
V  [jvm.dll+0x2de248]
V  [jvm.dll+0x2df1b4]
V  [jvm.dll+0x806361]
V  [jvm.dll+0x36c6f1]
V  [jvm.dll+0x7e4e06]
V  [jvm.dll+0x3eff3f]
V  [jvm.dll+0x3f1b71]
C  [jli.dll+0x528f]
C  [ucrtbase.dll+0x21bb2]
C  [KERNEL32.DLL+0x17344]
C  [ntdll.dll+0x526b1]


---------------  P R O C E S S  ---------------

Threads class SMR info:
_java_thread_list=0x00007ff90a9fee98, length=0, elements={
}

Java Threads: ( => current thread )

Other Threads:
  0x000002662765a940 GCTaskThread "GC Thread#0" [stack: 0x0000009ae0c00000,0x0000009ae0d00000] [id=12804]
  0x000002662766cf60 ConcurrentGCThread "G1 Main Marker" [stack: 0x0000009ae0d00000,0x0000009ae0e00000] [id=6076]
  0x000002662766d980 ConcurrentGCThread "G1 Conc#0" [stack: 0x0000009ae0e00000,0x0000009ae0f00000] [id=12824]

[error occurred during error reporting (printing all threads), id 0xc0000005, EXCEPTION_ACCESS_VIOLATION (0xc0000005) at pc=0x00007ff90a1bec87]

VM state: not at safepoint (not fully initialized)

VM Mutex/Monitor currently owned by a thread:  ([mutex/lock_event])
[0x00000266275e8a30] Heap_lock - owner thread: 0x00000266275ed6b0

Heap address: 0x0000000701a00000, size: 4070 MB, Compressed Oops mode: Zero based, Oop shift amount: 3

CDS archive(s) mapped at: [0x0000000000000000-0x0000000000000000-0x0000000000000000), size 0, SharedBaseAddress: 0x0000000800000000, ArchiveRelocationMode: 1.
Narrow klass base: 0x0000000000000000, Narrow klass shift: 0, Narrow klass range: 0x0

GC Precious Log:
<Empty>

Heap:
 garbage-first heap   total 0K, used 0K [0x0000000701a00000, 0x0000000800000000)
  region size 2048K, 0 young (0K), 0 survivors (0K)

[error occurred during error reporting (printing heap information), id 0xc0000005, EXCEPTION_ACCESS_VIOLATION (0xc0000005) at pc=0x00007ff90a5a6fb9]

GC Heap History (0 events):
No events

Dll operation events (1 events):
Event: 0.010 Loaded shared library C:\Users\MartyVlogs\.p2\pool\plugins\org.eclipse.justj.openjdk.hotspot.jre.full.win32.x86_64_17.0.10.v20240120-1143\jre\bin\java.dll

Deoptimization events (0 events):
No events

Classes unloaded (0 events):
No events

Classes redefined (0 events):
No events

Internal exceptions (0 events):
No events

VM Operations (0 events):
No events

Events (0 events):
No events


Dynamic libraries:
0x00007ff7a8d20000 - 0x00007ff7a8d2e000 	C:\Users\MartyVlogs\.p2\pool\plugins\org.eclipse.justj.openjdk.hotspot.jre.full.win32.x86_64_17.0.10.v20240120-1143\jre\bin\javaw.exe
0x00007ff95a070000 - 0x00007ff95a268000 	C:\WINDOWS\SYSTEM32\ntdll.dll
0x00007ff951920000 - 0x00007ff95193a000 	C:\Program Files\AVG\Antivirus\aswhook.dll
0x00007ff9587f0000 - 0x00007ff9588ad000 	C:\WINDOWS\System32\KERNEL32.DLL
0x00007ff957990000 - 0x00007ff957c86000 	C:\WINDOWS\System32\KERNELBASE.dll
0x00007ff957d30000 - 0x00007ff957e30000 	C:\WINDOWS\System32\ucrtbase.dll
0x00007ff94a6a0000 - 0x00007ff94a6b7000 	C:\Users\MartyVlogs\.p2\pool\plugins\org.eclipse.justj.openjdk.hotspot.jre.full.win32.x86_64_17.0.10.v20240120-1143\jre\bin\jli.dll
0x00007ff946c50000 - 0x00007ff946c6b000 	C:\Users\MartyVlogs\.p2\pool\plugins\org.eclipse.justj.openjdk.hotspot.jre.full.win32.x86_64_17.0.10.v20240120-1143\jre\bin\VCRUNTIME140.dll
0x00007ff959900000 - 0x00007ff959a9e000 	C:\WINDOWS\System32\USER32.dll
0x00007ff957e30000 - 0x00007ff957e52000 	C:\WINDOWS\System32\win32u.dll
0x00007ff940710000 - 0x00007ff9409aa000 	C:\WINDOWS\WinSxS\amd64_microsoft.windows.common-controls_6595b64144ccf1df_6.0.19041.3636_none_60b6a03d71f818d5\COMCTL32.dll
0x00007ff958480000 - 0x00007ff9584ac000 	C:\WINDOWS\System32\GDI32.dll
0x00007ff958940000 - 0x00007ff9589de000 	C:\WINDOWS\System32\msvcrt.dll
0x00007ff957e60000 - 0x00007ff957f7a000 	C:\WINDOWS\System32\gdi32full.dll
0x00007ff957c90000 - 0x00007ff957d2d000 	C:\WINDOWS\System32\msvcp_win.dll
0x00007ff959aa0000 - 0x00007ff959ad0000 	C:\WINDOWS\System32\IMM32.DLL
0x00007ff950150000 - 0x00007ff95015c000 	C:\Users\MartyVlogs\.p2\pool\plugins\org.eclipse.justj.openjdk.hotspot.jre.full.win32.x86_64_17.0.10.v20240120-1143\jre\bin\vcruntime140_1.dll
0x00007ff92f370000 - 0x00007ff92f3fd000 	C:\Users\MartyVlogs\.p2\pool\plugins\org.eclipse.justj.openjdk.hotspot.jre.full.win32.x86_64_17.0.10.v20240120-1143\jre\bin\msvcp140.dll
0x00007ff909ed0000 - 0x00007ff90ab32000 	C:\Users\MartyVlogs\.p2\pool\plugins\org.eclipse.justj.openjdk.hotspot.jre.full.win32.x86_64_17.0.10.v20240120-1143\jre\bin\server\jvm.dll
0x00007ff959f70000 - 0x00007ff95a01f000 	C:\WINDOWS\System32\ADVAPI32.dll
0x00007ff9591e0000 - 0x00007ff95927c000 	C:\WINDOWS\System32\sechost.dll
0x00007ff958660000 - 0x00007ff958786000 	C:\WINDOWS\System32\RPCRT4.dll
0x00007ff9570f0000 - 0x00007ff95713b000 	C:\WINDOWS\SYSTEM32\POWRPROF.dll
0x00007ff945640000 - 0x00007ff945667000 	C:\WINDOWS\SYSTEM32\WINMM.dll
0x00007ff9553e0000 - 0x00007ff9553e9000 	C:\WINDOWS\SYSTEM32\WSOCK32.dll
0x00007ff9585f0000 - 0x00007ff95865b000 	C:\WINDOWS\System32\WS2_32.dll
0x00007ff953690000 - 0x00007ff95369a000 	C:\WINDOWS\SYSTEM32\VERSION.dll
0x00007ff9570d0000 - 0x00007ff9570e2000 	C:\WINDOWS\SYSTEM32\UMPDC.dll
0x00007ff954f30000 - 0x00007ff954f42000 	C:\WINDOWS\SYSTEM32\kernel.appcore.dll
0x00007ff9553d0000 - 0x00007ff9553da000 	C:\Users\MartyVlogs\.p2\pool\plugins\org.eclipse.justj.openjdk.hotspot.jre.full.win32.x86_64_17.0.10.v20240120-1143\jre\bin\jimage.dll
0x00007ff951410000 - 0x00007ff9515f4000 	C:\WINDOWS\SYSTEM32\DBGHELP.DLL
0x00007ff9513d0000 - 0x00007ff951404000 	C:\WINDOWS\SYSTEM32\dbgcore.DLL
0x00007ff957fd0000 - 0x00007ff958052000 	C:\WINDOWS\System32\bcryptPrimitives.dll
0x00007ff947710000 - 0x00007ff947735000 	C:\Users\MartyVlogs\.p2\pool\plugins\org.eclipse.justj.openjdk.hotspot.jre.full.win32.x86_64_17.0.10.v20240120-1143\jre\bin\java.dll

dbghelp: loaded successfully - version: 4.0.5 - missing functions: none
symbol engine: initialized successfully - sym options: 0x614 - pdb path: .;C:\Users\MartyVlogs\.p2\pool\plugins\org.eclipse.justj.openjdk.hotspot.jre.full.win32.x86_64_17.0.10.v20240120-1143\jre\bin;C:\WINDOWS\SYSTEM32;C:\Program Files\AVG\Antivirus;C:\WINDOWS\WinSxS\amd64_microsoft.windows.common-controls_6595b64144ccf1df_6.0.19041.3636_none_60b6a03d71f818d5;C:\Users\MartyVlogs\.p2\pool\plugins\org.eclipse.justj.openjdk.hotspot.jre.full.win32.x86_64_17.0.10.v20240120-1143\jre\bin\server

VM Arguments:
jvm_args: -Djava.library.path=C:\Users\MartyVlogs\Documents\lwjgl\nat -Dfile.encoding=UTF-8 -Dstdout.encoding=UTF-8 -Dstderr.encoding=UTF-8 -XX:+ShowCodeDetailsInExceptionMessages 
java_command: minezomboid.Main
java_class_path (initial): H:\Salad\Games\Minecraft\MCP22\mcp090\retromcp\MineZomboid\bin;C:\Users\MartyVlogs\Documents\lwjgl\AppleJavaExtensions.jar;C:\Users\MartyVlogs\Documents\lwjgl\asm-debug-all.jar;C:\Users\MartyVlogs\Documents\lwjgl\jinput.jar;C:\Users\MartyVlogs\Documents\lwjgl\laf-plugin-7.2.1.jar;C:\Users\MartyVlogs\Documents\lwjgl\laf-widget-7.2.1.jar;C:\Users\MartyVlogs\Documents\lwjgl\log4j-api-2.0-beta9.jar;C:\Users\MartyVlogs\Documents\lwjgl\lwjgl.jar;C:\Users\MartyVlogs\Documents\lwjgl\lwjgl_test.jar;C:\Users\MartyVlogs\Documents\lwjgl\lwjgl_util.jar;C:\Users\MartyVlogs\Documents\lwjgl\lwjgl_util_applet.jar;C:\Users\MartyVlogs\Documents\lwjgl\lwjgl-debug.jar;C:\Users\MartyVlogs\Documents\lwjgl\lzma.jar;C:\Users\MartyVlogs\Documents\lwjgl\substance-7.2.1.jar;C:\Users\MartyVlogs\Documents\lwjgl\trident-7.2.1.jar;H:\Salad\Games\Minecraft\MCP22\mcp090\retromcp\MineZomboid\add\Textures.jar
Launcher Type: SUN_STANDARD

[Global flags]
     intx CICompilerCount                          = 4                                         {product} {ergonomic}
     uint ConcGCThreads                            = 2                                         {product} {ergonomic}
     uint G1ConcRefinementThreads                  = 8                                         {product} {ergonomic}
   size_t G1HeapRegionSize                         = 2097152                                   {product} {ergonomic}
    uintx GCDrainStackTargetSize                   = 64                                        {product} {ergonomic}
   size_t InitialHeapSize                          = 268435456                                 {product} {ergonomic}
   size_t MarkStackSize                            = 4194304                                   {product} {ergonomic}
   size_t MaxHeapSize                              = 4267704320                                {product} {ergonomic}
   size_t MinHeapDeltaBytes                        = 2097152                                   {product} {ergonomic}
   size_t MinHeapSize                              = 8388608                                   {product} {ergonomic}
    uintx NonNMethodCodeHeapSize                   = 5839372                                {pd product} {ergonomic}
    uintx NonProfiledCodeHeapSize                  = 122909434                              {pd product} {ergonomic}
    uintx ProfiledCodeHeapSize                     = 122909434                              {pd product} {ergonomic}
    uintx ReservedCodeCacheSize                    = 251658240                              {pd product} {ergonomic}
     bool SegmentedCodeCache                       = true                                      {product} {ergonomic}
     bool ShowCodeDetailsInExceptionMessages       = true                                   {manageable} {command line}
   size_t SoftMaxHeapSize                          = 4267704320                             {manageable} {ergonomic}
     bool UseCompressedClassPointers               = true                           {product lp64_product} {ergonomic}
     bool UseCompressedOops                        = true                           {product lp64_product} {ergonomic}
     bool UseG1GC                                  = true                                      {product} {ergonomic}
     bool UseLargePagesIndividualAllocation        = false                                  {pd product} {ergonomic}

Logging:
Log output configuration:
 #0: stdout all=warning uptime,level,tags
 #1: stderr all=off uptime,level,tags

Environment Variables:
PATH=C:/Users/MartyVlogs/.p2/pool/plugins/org.eclipse.justj.openjdk.hotspot.jre.full.win32.x86_64_17.0.10.v20240120-1143/jre/bin/server;C:/Users/MartyVlogs/.p2/pool/plugins/org.eclipse.justj.openjdk.hotspot.jre.full.win32.x86_64_17.0.10.v20240120-1143/jre/bin;C:\Program Files\Common Files\Oracle\Java\javapath;C:\Program Files (x86)\Common Files\Oracle\Java\java8path;C:\Program Files (x86)\Common Files\Oracle\Java\javapath;C:\WINDOWS\system32;C:\WINDOWS;C:\WINDOWS\System32\Wbem;C:\WINDOWS\System32\WindowsPowerShell\v1.0\;C:\WINDOWS\System32\OpenSSH\;C:\Users\MartyVlogs\AppData\Local\Microsoft\WindowsApps;;C:\WINDOWS\System32;
USERNAME=MartyVlogs
OS=Windows_NT
PROCESSOR_IDENTIFIER=Intel64 Family 6 Model 42 Stepping 7, GenuineIntel
TMP=C:\Users\MARTYV~1\AppData\Local\Temp
TEMP=C:\Users\MARTYV~1\AppData\Local\Temp



Periodic native trim disabled


---------------  S Y S T E M  ---------------

OS:
 Windows 10 , 64 bit Build 19041 (10.0.19041.3636)
OS uptime: 2 days 0:32 hours

CPU: total 8 (initial active 8) (4 cores per cpu, 2 threads per core) family 6 model 42 stepping 7 microcode 0x2f, cx8, cmov, fxsr, ht, mmx, sse, sse2, sse3, ssse3, sse4.1, sse4.2, popcnt, tsc, tscinvbit, avx, aes, clmul, vzeroupper, clflush
Processor Information for all 8 processors :
  Max Mhz: 3401, Current Mhz: 3401, Mhz Limit: 3401

Memory: 4k page, system-wide physical 16277M (6739M free)
TotalPageFile size 31389M (AvailPageFile size 260M)
current process WorkingSet (physical memory assigned to process): 11M, peak: 11M
current process commit charge ("private bytes"): 60M, peak: 316M

vm_info: OpenJDK 64-Bit Server VM (17.0.10+7) for windows-amd64 JRE (17.0.10+7), built on Jan 16 2024 23:25:11 by "admin" with MS VC++ 16.10 / 16.11 (VS2019)

END.
